Using pre-set license
Built from '2021.3/staging' branch; Version is '2021.3.20f1 (577897200b8b) revision 5732503'; Using compiler version '192829333'; Build Type 'Release'
OS: 'Windows 10  (10.0.19045) 64bit Core' Language: 'pt' Physical Memory: 16330 MB
BatchMode: 1, IsHumanControllingUs: 0, StartBugReporterOnCrash: 0, Is64bit: 1, IsPro: 1

COMMAND LINE ARGUMENTS:
D:\Softwares\Unity\2021.3.20f1\Editor\Unity.exe
-adb2
-batchMode
-noUpm
-name
AssetImportWorker0
-projectPath
F:/Projetos_Unity/liga.game.vr.prototipo.foxtrot/liga.game.vr.prototipo.foxtrot
-logFile
Logs/AssetImportWorker0.log
-srvPort
55525
Successfully changed project path to: F:/Projetos_Unity/liga.game.vr.prototipo.foxtrot/liga.game.vr.prototipo.foxtrot
F:/Projetos_Unity/liga.game.vr.prototipo.foxtrot/liga.game.vr.prototipo.foxtrot
[UnityMemory] Configuration Parameters - Can be set up in boot.config
    "memorysetup-bucket-allocator-granularity=16"
    "memorysetup-bucket-allocator-bucket-count=8"
    "memorysetup-bucket-allocator-block-size=33554432"
    "memorysetup-bucket-allocator-block-count=8"
    "memorysetup-main-allocator-block-size=16777216"
    "memorysetup-thread-allocator-block-size=16777216"
    "memorysetup-gfx-main-allocator-block-size=16777216"
    "memorysetup-gfx-thread-allocator-block-size=16777216"
    "memorysetup-cache-allocator-block-size=4194304"
    "memorysetup-typetree-allocator-block-size=2097152"
    "memorysetup-profiler-bucket-allocator-granularity=16"
    "memorysetup-profiler-bucket-allocator-bucket-count=8"
    "memorysetup-profiler-bucket-allocator-block-size=33554432"
    "memorysetup-profiler-bucket-allocator-block-count=8"
    "memorysetup-profiler-allocator-block-size=16777216"
    "memorysetup-profiler-editor-allocator-block-size=1048576"
    "memorysetup-temp-allocator-size-main=16777216"
    "memorysetup-job-temp-allocator-block-size=2097152"
    "memorysetup-job-temp-allocator-block-size-background=1048576"
    "memorysetup-job-temp-allocator-reduction-small-platforms=262144"
    "memorysetup-temp-allocator-size-background-worker=32768"
    "memorysetup-temp-allocator-size-job-worker=262144"
    "memorysetup-temp-allocator-size-preload-manager=33554432"
    "memorysetup-temp-allocator-size-nav-mesh-worker=65536"
    "memorysetup-temp-allocator-size-audio-worker=65536"
    "memorysetup-temp-allocator-size-cloud-worker=32768"
    "memorysetup-temp-allocator-size-gi-baking-worker=262144"
    "memorysetup-temp-allocator-size-gfx=262144"
Player connection [15100] Host "[IP] 192.168.0.42 [Port] 0 [Flags] 2 [Guid] 3456456634 [EditorId] 3456456634 [Version] 1048832 [Id] WindowsEditor(7,DESKTOP-U8N5RE0) [Debug] 1 [PackageName] WindowsEditor [ProjectName] Editor" joined multi-casting on [225.0.0.222:54997]...

Player connection [15100] Host "[IP] 192.168.0.42 [Port] 0 [Flags] 2 [Guid] 3456456634 [EditorId] 3456456634 [Version] 1048832 [Id] WindowsEditor(7,DESKTOP-U8N5RE0) [Debug] 1 [PackageName] WindowsEditor [ProjectName] Editor" joined alternative multi-casting on [225.0.0.222:34997]...

Refreshing native plugins compatible for Editor in 67.87 ms, found 2 plugins.
Preloading 0 native plugins for Editor in 0.00 ms.
Initialize engine version: 2021.3.20f1 (577897200b8b)
[Subsystems] Discovering subsystems at path D:/Softwares/Unity/2021.3.20f1/Editor/Data/Resources/UnitySubsystems
[Subsystems] Discovering subsystems at path F:/Projetos_Unity/liga.game.vr.prototipo.foxtrot/liga.game.vr.prototipo.foxtrot/Assets
GfxDevice: creating device client; threaded=0; jobified=0
Direct3D:
    Version:  Direct3D 11.0 [level 11.1]
    Renderer: NVIDIA GeForce GTX 1060 6GB (ID=0x1c03)
    Vendor:   NVIDIA
    VRAM:     6043 MB
    Driver:   31.0.15.3734
Initialize mono
Mono path[0] = 'D:/Softwares/Unity/2021.3.20f1/Editor/Data/Managed'
Mono path[1] = 'D:/Softwares/Unity/2021.3.20f1/Editor/Data/MonoBleedingEdge/lib/mono/unityjit-win32'
Mono config path = 'D:/Softwares/Unity/2021.3.20f1/Editor/Data/MonoBleedingEdge/etc'
Using monoOptions --debugger-agent=transport=dt_socket,embedding=1,server=y,suspend=n,address=127.0.0.1:56300
Begin MonoManager ReloadAssembly
Registering precompiled unity dll's ...
Register platform support module: D:/Softwares/Unity/2021.3.20f1/Editor/Data/PlaybackEngines/AndroidPlayer/UnityEditor.Android.Extensions.dll
Register platform support module: D:/Softwares/Unity/2021.3.20f1/Editor/Data/PlaybackEngines/WindowsStandaloneSupport/UnityEditor.WindowsStandalone.Extensions.dll
Register platform support module: D:/Softwares/Unity/2021.3.20f1/Editor/Data/PlaybackEngines/MetroSupport/UnityEditor.UWP.Extensions.dll
Registered in 0.004731 seconds.
Native extension for UWP target not found
Native extension for WindowsStandalone target not found
Native extension for Android target not found
Android Extension - Scanning For ADB Devices 407 ms
Refreshing native plugins compatible for Editor in 62.76 ms, found 2 plugins.
Preloading 0 native plugins for Editor in 0.00 ms.
Mono: successfully reloaded assembly
- Completed reload, in  1.170 seconds
Domain Reload Profiling:
	ReloadAssembly (1170ms)
		BeginReloadAssembly (128ms)
			ExecutionOrderSort (0ms)
			DisableScriptedObjects (0ms)
			BackupInstance (0ms)
			ReleaseScriptingObjects (0ms)
			CreateAndSetChildDomain (1ms)
		EndReloadAssembly (929ms)
			LoadAssemblies (128ms)
			RebuildTransferFunctionScriptingTraits (0ms)
			SetupTypeCache (136ms)
			ReleaseScriptCaches (0ms)
			RebuildScriptCaches (30ms)
			SetupLoadedEditorAssemblies (705ms)
				LogAssemblyErrors (0ms)
				InitializePlatformSupportModulesInManaged (486ms)
				SetLoadedEditorAssemblies (0ms)
				RefreshPlugins (63ms)
				BeforeProcessingInitializeOnLoad (1ms)
				ProcessInitializeOnLoadAttributes (104ms)
				ProcessInitializeOnLoadMethodAttributes (50ms)
				AfterProcessingInitializeOnLoad (0ms)
				EditorAssembliesLoaded (0ms)
			ExecutionOrderSort2 (0ms)
			AwakeInstancesAfterBackupRestoration (0ms)
Platform modules already initialized, skipping
Registering precompiled user dll's ...
Registered in 0.006107 seconds.
Begin MonoManager ReloadAssembly
Native extension for UWP target not found
Native extension for WindowsStandalone target not found
Native extension for Android target not found
Refreshing native plugins compatible for Editor in 1.23 ms, found 2 plugins.
Preloading 0 native plugins for Editor in 0.00 ms.
Mono: successfully reloaded assembly
- Completed reload, in  1.365 seconds
Domain Reload Profiling:
	ReloadAssembly (1366ms)
		BeginReloadAssembly (173ms)
			ExecutionOrderSort (0ms)
			DisableScriptedObjects (7ms)
			BackupInstance (0ms)
			ReleaseScriptingObjects (0ms)
			CreateAndSetChildDomain (22ms)
		EndReloadAssembly (1084ms)
			LoadAssemblies (152ms)
			RebuildTransferFunctionScriptingTraits (0ms)
			SetupTypeCache (243ms)
			ReleaseScriptCaches (1ms)
			RebuildScriptCaches (63ms)
			SetupLoadedEditorAssemblies (628ms)
				LogAssemblyErrors (0ms)
				InitializePlatformSupportModulesInManaged (22ms)
				SetLoadedEditorAssemblies (1ms)
				RefreshPlugins (1ms)
				BeforeProcessingInitializeOnLoad (65ms)
				ProcessInitializeOnLoadAttributes (508ms)
				ProcessInitializeOnLoadMethodAttributes (27ms)
				AfterProcessingInitializeOnLoad (3ms)
				EditorAssembliesLoaded (0ms)
			ExecutionOrderSort2 (0ms)
			AwakeInstancesAfterBackupRestoration (7ms)
Platform modules already initialized, skipping
========================================================================
Worker process is ready to serve import requests
Launched and connected shader compiler UnityShaderCompiler.exe after 0.08 seconds
Refreshing native plugins compatible for Editor in 1.48 ms, found 2 plugins.
Preloading 0 native plugins for Editor in 0.00 ms.
Unloading 2446 Unused Serialized files (Serialized files now loaded: 0)
Unloading 106 unused Assets / (1.6 MB). Loaded Objects now: 2900.
Memory consumption went from 122.2 MB to 120.6 MB.
Total: 8.134100 ms (FindLiveObjects: 0.474700 ms CreateObjectMapping: 0.155000 ms MarkObjects: 6.439600 ms  DeleteObjects: 1.062500 ms)

AssetImportParameters requested are different than current active one (requested -> active):
  custom:video-decoder-ogg-theora: a1e56fd34408186e4bbccfd4996cb3dc -> 
  custom:container-muxer-webm: aa71ff27fc2769a1b78a27578f13a17b -> 
  custom:container-demuxer-webm: 4f35f7cbe854078d1ac9338744f61a02 -> 
  custom:video-encoder-webm-vp8: eb34c28f22e8b96e1ab97ce403110664 -> 
  custom:audio-encoder-webm-vorbis: bf7c407c2cedff20999df2af8eb42d56 -> 
  custom:framework-win-MediaFoundation: 216162199b28c13a410421893ffa2e32 -> 
  custom:container-demuxer-ogg: 62fdf1f143b41e24485cea50d1cbac27 -> 
  custom:video-decoder-webm-vp8: 9c59270c3fd7afecdb556c50c9e8de78 -> 
  custom:audio-decoder-ogg-vorbis: bf7c407c2cedff20999df2af8eb42d56 -> 
========================================================================
Received Import Request.
  Time since last request: 81299.491055 seconds.
  path: Assets/Game
  artifactKey: Guid(0efea96789ce867459e06bcc961c7522) Importer(815301076,1909f56bfc062723c751e8b465ee728b)
Start importing Assets/Game using Guid(0efea96789ce867459e06bcc961c7522) Importer(815301076,1909f56bfc062723c751e8b465ee728b)  -> (artifact id: '028a32368ab03a1c033e6806c321809f') in 0.024548 seconds 
========================================================================
Received Import Request.
  Time since last request: 1.030556 seconds.
  path: Assets/Game/Scenes
  artifactKey: Guid(901d48734bf8c5540960a9d6fb806480) Importer(815301076,1909f56bfc062723c751e8b465ee728b)
Start importing Assets/Game/Scenes using Guid(901d48734bf8c5540960a9d6fb806480) Importer(815301076,1909f56bfc062723c751e8b465ee728b)  -> (artifact id: 'e66dd8d78aadc5258906d96debd71a2b') in 0.011854 seconds 
========================================================================
Received Import Request.
  Time since last request: 2.160939 seconds.
  path: Assets/Game/Scenes/Foxtrot.unity
  artifactKey: Guid(5190be43bb0c8444c911d7ad81043ac6) Importer(815301076,1909f56bfc062723c751e8b465ee728b)
Start importing Assets/Game/Scenes/Foxtrot.unity using Guid(5190be43bb0c8444c911d7ad81043ac6) Importer(815301076,1909f56bfc062723c751e8b465ee728b)  -> (artifact id: 'b501447249678423fae20173fde3cc02') in 0.010452 seconds 
========================================================================
Received Import Request.
  Time since last request: 2.360140 seconds.
  path: Assets/Game/Scenes/ShootingRange2.unity
  artifactKey: Guid(226923f0dfe7d5d4c8c8238796deda70) Importer(815301076,1909f56bfc062723c751e8b465ee728b)
Start importing Assets/Game/Scenes/ShootingRange2.unity using Guid(226923f0dfe7d5d4c8c8238796deda70) Importer(815301076,1909f56bfc062723c751e8b465ee728b)  -> (artifact id: '47006f831a3eabc3cab36abb6bb32fe3') in 0.014526 seconds 
========================================================================
Received Import Request.
  Time since last request: 313.113526 seconds.
  path: Assets/Game/Scenes/Foxtrot
  artifactKey: Guid(9264a19505093844bab3126c5a2514b8) Importer(815301076,1909f56bfc062723c751e8b465ee728b)
Start importing Assets/Game/Scenes/Foxtrot using Guid(9264a19505093844bab3126c5a2514b8) Importer(815301076,1909f56bfc062723c751e8b465ee728b)  -> (artifact id: '4e39d47dd2fb24f6eeb79214e4628763') in 0.018609 seconds 
========================================================================
Received Import Request.
  Time since last request: 0.065778 seconds.
  path: Assets/Game/Scenes/Foxtrot/LightingData.asset
  artifactKey: Guid(4eb0cb88d590db3469f2db1e70f79282) Importer(815301076,1909f56bfc062723c751e8b465ee728b)
Start importing Assets/Game/Scenes/Foxtrot/LightingData.asset using Guid(4eb0cb88d590db3469f2db1e70f79282) Importer(815301076,1909f56bfc062723c751e8b465ee728b)  -> (artifact id: 'dddb3c1bc43a6e18cbf5d082f8f3c7ed') in 0.180871 seconds 
========================================================================
Received Import Request.
  Time since last request: 0.000039 seconds.
  path: Assets/Game/Scenes/Foxtrot/Lightmap-2_comp_shadowmask.png
  artifactKey: Guid(139148bf323ee1d47bd57bcee9e17445) Importer(815301076,1909f56bfc062723c751e8b465ee728b)
Start importing Assets/Game/Scenes/Foxtrot/Lightmap-2_comp_shadowmask.png using Guid(139148bf323ee1d47bd57bcee9e17445) Importer(815301076,1909f56bfc062723c751e8b465ee728b)  -> (artifact id: '86d4d2af3248d64b743cf15fdeacb5ba') in 0.157611 seconds 
========================================================================
Received Import Request.
  Time since last request: 0.000033 seconds.
  path: Assets/Game/Scenes/Foxtrot/Lightmap-2_comp_light.exr
  artifactKey: Guid(fe6ae6b4152c4a349b93dc4357d8b3e1) Importer(815301076,1909f56bfc062723c751e8b465ee728b)
Start importing Assets/Game/Scenes/Foxtrot/Lightmap-2_comp_light.exr using Guid(fe6ae6b4152c4a349b93dc4357d8b3e1) Importer(815301076,1909f56bfc062723c751e8b465ee728b)  -> (artifact id: '77d51391985d8a9cc29d920e0d031108') in 0.148685 seconds 
========================================================================
Received Import Request.
  Time since last request: 0.000029 seconds.
  path: Assets/Game/Scenes/Foxtrot/ReflectionProbe-0.exr
  artifactKey: Guid(dd869200889473246a844ac5a848a970) Importer(815301076,1909f56bfc062723c751e8b465ee728b)
Start importing Assets/Game/Scenes/Foxtrot/ReflectionProbe-0.exr using Guid(dd869200889473246a844ac5a848a970) Importer(815301076,1909f56bfc062723c751e8b465ee728b)  -> (artifact id: '42b6fa5ceff4c508e2aefb02265af699') in 1.206009 seconds 
========================================================================
Received Import Request.
  Time since last request: 0.000057 seconds.
  path: Assets/Game/Scenes/Foxtrot/Lightmap-1_comp_shadowmask.png
  artifactKey: Guid(d8a308138050ace46a3c8dc6e5305fb2) Importer(815301076,1909f56bfc062723c751e8b465ee728b)
Start importing Assets/Game/Scenes/Foxtrot/Lightmap-1_comp_shadowmask.png using Guid(d8a308138050ace46a3c8dc6e5305fb2) Importer(815301076,1909f56bfc062723c751e8b465ee728b)  -> (artifact id: '47bf821988ad562a98d584c25234a5f5') in 0.052441 seconds 
========================================================================
Received Import Request.
  Time since last request: 0.000056 seconds.
  path: Assets/Game/Scenes/Foxtrot/Lightmap-3_comp_light.exr
  artifactKey: Guid(ac4e31866f1e4c3429c50309ec1e07b6) Importer(815301076,1909f56bfc062723c751e8b465ee728b)
Start importing Assets/Game/Scenes/Foxtrot/Lightmap-3_comp_light.exr using Guid(ac4e31866f1e4c3429c50309ec1e07b6) Importer(815301076,1909f56bfc062723c751e8b465ee728b)  -> (artifact id: '77c90f46fdad1e9d70685dcfa602bc4d') in 0.057431 seconds 
========================================================================
Received Import Request.
  Time since last request: 0.000035 seconds.
  path: Assets/Game/Scenes/Foxtrot/Lightmap-2_comp_dir.png
  artifactKey: Guid(30958f6d5e9cd16478e2dd660851207d) Importer(815301076,1909f56bfc062723c751e8b465ee728b)
Start importing Assets/Game/Scenes/Foxtrot/Lightmap-2_comp_dir.png using Guid(30958f6d5e9cd16478e2dd660851207d) Importer(815301076,1909f56bfc062723c751e8b465ee728b)  -> (artifact id: 'c575a4bff5e72da138df0134b672b09b') in 0.043223 seconds 
========================================================================
Received Import Request.
  Time since last request: 0.000035 seconds.
  path: Assets/Game/Scenes/Foxtrot/Lightmap-4_comp_dir.png
  artifactKey: Guid(778549bba036c014abf83d41ab600c5c) Importer(815301076,1909f56bfc062723c751e8b465ee728b)
Start importing Assets/Game/Scenes/Foxtrot/Lightmap-4_comp_dir.png using Guid(778549bba036c014abf83d41ab600c5c) Importer(815301076,1909f56bfc062723c751e8b465ee728b)  -> (artifact id: '32066bb9327baa4056be6f9208a8bbf5') in 0.027356 seconds 
========================================================================
Received Import Request.
  Time since last request: 0.000032 seconds.
  path: Assets/Game/Scenes/Foxtrot/Lightmap-1_comp_light.exr
  artifactKey: Guid(147d7e6db1d92684a8131bcc511a8726) Importer(815301076,1909f56bfc062723c751e8b465ee728b)
Start importing Assets/Game/Scenes/Foxtrot/Lightmap-1_comp_light.exr using Guid(147d7e6db1d92684a8131bcc511a8726) Importer(815301076,1909f56bfc062723c751e8b465ee728b)  -> (artifact id: '9d30b927ab9917944386cc4418b437c6') in 0.060915 seconds 
Editor requested this worker to shutdown with reason: Scaling down because of idle timeout
AssetImportWorker is now disconnected from the server
Process exiting
Exiting without the bug reporter. Application will terminate with return code 0