Using pre-set license
Built from '2021.3/staging' branch; Version is '2021.3.20f1 (577897200b8b) revision 5732503'; Using compiler version '192829333'; Build Type 'Release'
OS: 'Windows 10  (10.0.19045) 64bit Core' Language: 'pt' Physical Memory: 16330 MB
BatchMode: 1, IsHumanControllingUs: 0, StartBugReporterOnCrash: 0, Is64bit: 1, IsPro: 1

COMMAND LINE ARGUMENTS:
D:\Softwares\Unity\2021.3.20f1\Editor\Unity.exe
-adb2
-batchMode
-noUpm
-name
AssetImportWorker2
-projectPath
F:/Projetos_Unity/liga.game.vr.prototipo.foxtrot/liga.game.vr.prototipo.foxtrot
-logFile
Logs/AssetImportWorker2.log
-srvPort
55525
Successfully changed project path to: F:/Projetos_Unity/liga.game.vr.prototipo.foxtrot/liga.game.vr.prototipo.foxtrot
F:/Projetos_Unity/liga.game.vr.prototipo.foxtrot/liga.game.vr.prototipo.foxtrot
[UnityMemory] Configuration Parameters - Can be set up in boot.config
    "memorysetup-bucket-allocator-granularity=16"
    "memorysetup-bucket-allocator-bucket-count=8"
    "memorysetup-bucket-allocator-block-size=33554432"
    "memorysetup-bucket-allocator-block-count=8"
    "memorysetup-main-allocator-block-size=16777216"
    "memorysetup-thread-allocator-block-size=16777216"
    "memorysetup-gfx-main-allocator-block-size=16777216"
    "memorysetup-gfx-thread-allocator-block-size=16777216"
    "memorysetup-cache-allocator-block-size=4194304"
    "memorysetup-typetree-allocator-block-size=2097152"
    "memorysetup-profiler-bucket-allocator-granularity=16"
    "memorysetup-profiler-bucket-allocator-bucket-count=8"
    "memorysetup-profiler-bucket-allocator-block-size=33554432"
    "memorysetup-profiler-bucket-allocator-block-count=8"
    "memorysetup-profiler-allocator-block-size=16777216"
    "memorysetup-profiler-editor-allocator-block-size=1048576"
    "memorysetup-temp-allocator-size-main=16777216"
    "memorysetup-job-temp-allocator-block-size=2097152"
    "memorysetup-job-temp-allocator-block-size-background=1048576"
    "memorysetup-job-temp-allocator-reduction-small-platforms=262144"
    "memorysetup-temp-allocator-size-background-worker=32768"
    "memorysetup-temp-allocator-size-job-worker=262144"
    "memorysetup-temp-allocator-size-preload-manager=33554432"
    "memorysetup-temp-allocator-size-nav-mesh-worker=65536"
    "memorysetup-temp-allocator-size-audio-worker=65536"
    "memorysetup-temp-allocator-size-cloud-worker=32768"
    "memorysetup-temp-allocator-size-gi-baking-worker=262144"
    "memorysetup-temp-allocator-size-gfx=262144"
Player connection [4556] Host "[IP] 192.168.0.42 [Port] 0 [Flags] 2 [Guid] 3986335618 [EditorId] 3986335618 [Version] 1048832 [Id] WindowsEditor(7,DESKTOP-U8N5RE0) [Debug] 1 [PackageName] WindowsEditor [ProjectName] Editor" joined multi-casting on [225.0.0.222:54997]...

Player connection [4556] Host "[IP] 192.168.0.42 [Port] 0 [Flags] 2 [Guid] 3986335618 [EditorId] 3986335618 [Version] 1048832 [Id] WindowsEditor(7,DESKTOP-U8N5RE0) [Debug] 1 [PackageName] WindowsEditor [ProjectName] Editor" joined alternative multi-casting on [225.0.0.222:34997]...

Refreshing native plugins compatible for Editor in 139.45 ms, found 2 plugins.
Preloading 0 native plugins for Editor in 0.00 ms.
Initialize engine version: 2021.3.20f1 (577897200b8b)
[Subsystems] Discovering subsystems at path D:/Softwares/Unity/2021.3.20f1/Editor/Data/Resources/UnitySubsystems
[Subsystems] Discovering subsystems at path F:/Projetos_Unity/liga.game.vr.prototipo.foxtrot/liga.game.vr.prototipo.foxtrot/Assets
GfxDevice: creating device client; threaded=0; jobified=0
Direct3D:
    Version:  Direct3D 11.0 [level 11.1]
    Renderer: NVIDIA GeForce GTX 1060 6GB (ID=0x1c03)
    Vendor:   NVIDIA
    VRAM:     6043 MB
    Driver:   31.0.15.3734
Initialize mono
Mono path[0] = 'D:/Softwares/Unity/2021.3.20f1/Editor/Data/Managed'
Mono path[1] = 'D:/Softwares/Unity/2021.3.20f1/Editor/Data/MonoBleedingEdge/lib/mono/unityjit-win32'
Mono config path = 'D:/Softwares/Unity/2021.3.20f1/Editor/Data/MonoBleedingEdge/etc'
Using monoOptions --debugger-agent=transport=dt_socket,embedding=1,server=y,suspend=n,address=127.0.0.1:56360
Begin MonoManager ReloadAssembly
Registering precompiled unity dll's ...
Register platform support module: D:/Softwares/Unity/2021.3.20f1/Editor/Data/PlaybackEngines/AndroidPlayer/UnityEditor.Android.Extensions.dll
Register platform support module: D:/Softwares/Unity/2021.3.20f1/Editor/Data/PlaybackEngines/WindowsStandaloneSupport/UnityEditor.WindowsStandalone.Extensions.dll
Register platform support module: D:/Softwares/Unity/2021.3.20f1/Editor/Data/PlaybackEngines/MetroSupport/UnityEditor.UWP.Extensions.dll
Registered in 0.009592 seconds.
Native extension for UWP target not found
Native extension for WindowsStandalone target not found
Native extension for Android target not found
Android Extension - Scanning For ADB Devices 384 ms
Refreshing native plugins compatible for Editor in 65.68 ms, found 2 plugins.
Preloading 0 native plugins for Editor in 0.00 ms.
Mono: successfully reloaded assembly
- Completed reload, in  1.334 seconds
Domain Reload Profiling:
	ReloadAssembly (1335ms)
		BeginReloadAssembly (209ms)
			ExecutionOrderSort (0ms)
			DisableScriptedObjects (0ms)
			BackupInstance (0ms)
			ReleaseScriptingObjects (0ms)
			CreateAndSetChildDomain (2ms)
		EndReloadAssembly (990ms)
			LoadAssemblies (211ms)
			RebuildTransferFunctionScriptingTraits (0ms)
			SetupTypeCache (172ms)
			ReleaseScriptCaches (0ms)
			RebuildScriptCaches (37ms)
			SetupLoadedEditorAssemblies (714ms)
				LogAssemblyErrors (0ms)
				InitializePlatformSupportModulesInManaged (478ms)
				SetLoadedEditorAssemblies (0ms)
				RefreshPlugins (66ms)
				BeforeProcessingInitializeOnLoad (1ms)
				ProcessInitializeOnLoadAttributes (114ms)
				ProcessInitializeOnLoadMethodAttributes (55ms)
				AfterProcessingInitializeOnLoad (0ms)
				EditorAssembliesLoaded (0ms)
			ExecutionOrderSort2 (0ms)
			AwakeInstancesAfterBackupRestoration (0ms)
Platform modules already initialized, skipping
Registering precompiled user dll's ...
Registered in 0.012701 seconds.
Begin MonoManager ReloadAssembly
Native extension for UWP target not found
Native extension for WindowsStandalone target not found
Native extension for Android target not found
Refreshing native plugins compatible for Editor in 0.79 ms, found 2 plugins.
Preloading 0 native plugins for Editor in 0.00 ms.
Mono: successfully reloaded assembly
- Completed reload, in  1.496 seconds
Domain Reload Profiling:
	ReloadAssembly (1498ms)
		BeginReloadAssembly (172ms)
			ExecutionOrderSort (0ms)
			DisableScriptedObjects (8ms)
			BackupInstance (0ms)
			ReleaseScriptingObjects (0ms)
			CreateAndSetChildDomain (28ms)
		EndReloadAssembly (1203ms)
			LoadAssemblies (178ms)
			RebuildTransferFunctionScriptingTraits (0ms)
			SetupTypeCache (273ms)
			ReleaseScriptCaches (1ms)
			RebuildScriptCaches (63ms)
			SetupLoadedEditorAssemblies (668ms)
				LogAssemblyErrors (0ms)
				InitializePlatformSupportModulesInManaged (22ms)
				SetLoadedEditorAssemblies (0ms)
				RefreshPlugins (1ms)
				BeforeProcessingInitializeOnLoad (65ms)
				ProcessInitializeOnLoadAttributes (545ms)
				ProcessInitializeOnLoadMethodAttributes (29ms)
				AfterProcessingInitializeOnLoad (6ms)
				EditorAssembliesLoaded (0ms)
			ExecutionOrderSort2 (0ms)
			AwakeInstancesAfterBackupRestoration (9ms)
Platform modules already initialized, skipping
========================================================================
Worker process is ready to serve import requests
Launched and connected shader compiler UnityShaderCompiler.exe after 0.08 seconds
Refreshing native plugins compatible for Editor in 1.52 ms, found 2 plugins.
Preloading 0 native plugins for Editor in 0.00 ms.
Unloading 2446 Unused Serialized files (Serialized files now loaded: 0)
Unloading 106 unused Assets / (1.6 MB). Loaded Objects now: 2903.
Memory consumption went from 122.8 MB to 121.2 MB.
Total: 7.418500 ms (FindLiveObjects: 0.394300 ms CreateObjectMapping: 0.129200 ms MarkObjects: 6.101800 ms  DeleteObjects: 0.791300 ms)

AssetImportParameters requested are different than current active one (requested -> active):
  custom:video-decoder-ogg-theora: a1e56fd34408186e4bbccfd4996cb3dc -> 
  custom:container-muxer-webm: aa71ff27fc2769a1b78a27578f13a17b -> 
  custom:container-demuxer-webm: 4f35f7cbe854078d1ac9338744f61a02 -> 
  custom:video-encoder-webm-vp8: eb34c28f22e8b96e1ab97ce403110664 -> 
  custom:audio-encoder-webm-vorbis: bf7c407c2cedff20999df2af8eb42d56 -> 
  custom:framework-win-MediaFoundation: 216162199b28c13a410421893ffa2e32 -> 
  custom:container-demuxer-ogg: 62fdf1f143b41e24485cea50d1cbac27 -> 
  custom:video-decoder-webm-vp8: 9c59270c3fd7afecdb556c50c9e8de78 -> 
  custom:audio-decoder-ogg-vorbis: bf7c407c2cedff20999df2af8eb42d56 -> 
========================================================================
Received Import Request.
  Time since last request: 82634.617745 seconds.
  path: Assets/Game/Grab System
  artifactKey: Guid(542283ad0434d654a8b05fd470860da6) Importer(815301076,1909f56bfc062723c751e8b465ee728b)
Start importing Assets/Game/Grab System using Guid(542283ad0434d654a8b05fd470860da6) Importer(815301076,1909f56bfc062723c751e8b465ee728b)  -> (artifact id: '73c9989e56e7a70701b681e88497a782') in 0.018979 seconds 
========================================================================
Received Import Request.
  Time since last request: 1.898659 seconds.
  path: Assets/Game/Grab System/Prefabs
  artifactKey: Guid(14f7881b67923404b9dbeb00d3419010) Importer(815301076,1909f56bfc062723c751e8b465ee728b)
Start importing Assets/Game/Grab System/Prefabs using Guid(14f7881b67923404b9dbeb00d3419010) Importer(815301076,1909f56bfc062723c751e8b465ee728b)  -> (artifact id: 'df75a8936b0a3e372e1707f6a2448ee9') in 0.010283 seconds 
========================================================================
Received Import Request.
  Time since last request: 1.187562 seconds.
  path: Assets/Game/Grab System/Prefabs/Icon.prefab
  artifactKey: Guid(bdb33ffdfbe59644c9c60af2513fbf8a) Importer(815301076,1909f56bfc062723c751e8b465ee728b)
Start importing Assets/Game/Grab System/Prefabs/Icon.prefab using Guid(bdb33ffdfbe59644c9c60af2513fbf8a) Importer(815301076,1909f56bfc062723c751e8b465ee728b)  -> (artifact id: '00613e2ab7f8194a965341cb63d6926d') in 0.047777 seconds 
========================================================================
Received Import Request.
  Time since last request: 9.364074 seconds.
  path: Assets/Game/Grab System/Scripts
  artifactKey: Guid(91c9cfa33f19b8247bac648d71aeb702) Importer(815301076,1909f56bfc062723c751e8b465ee728b)
Start importing Assets/Game/Grab System/Scripts using Guid(91c9cfa33f19b8247bac648d71aeb702) Importer(815301076,1909f56bfc062723c751e8b465ee728b)  -> (artifact id: '06e7b5b930a1afa95a489b928fa63705') in 0.011615 seconds 
========================================================================
Received Import Request.
  Time since last request: 1.015573 seconds.
  path: Assets/Game/Grab System/Scripts/CustomThrowable.cs
  artifactKey: Guid(22f6b0b7100e22f41b8a5a5cba3d7535) Importer(815301076,1909f56bfc062723c751e8b465ee728b)
Start importing Assets/Game/Grab System/Scripts/CustomThrowable.cs using Guid(22f6b0b7100e22f41b8a5a5cba3d7535) Importer(815301076,1909f56bfc062723c751e8b465ee728b)  -> (artifact id: '230428b785d65618dbb2b384571876a3') in 0.021692 seconds 
========================================================================
Received Import Request.
  Time since last request: 1489.720564 seconds.
  path: Assets/3rd Party/SteamVR_Resources/Resources/SteamVR_Settings.asset
  artifactKey: Guid(a0229f9d83329134994b6c502f74b580) Importer(815301076,1909f56bfc062723c751e8b465ee728b)
Start importing Assets/3rd Party/SteamVR_Resources/Resources/SteamVR_Settings.asset using Guid(a0229f9d83329134994b6c502f74b580) Importer(815301076,1909f56bfc062723c751e8b465ee728b)  -> (artifact id: 'f00c0032c08be2ed5c31803ab2698222') in 0.040374 seconds 
========================================================================
Received Import Request.
  Time since last request: 75.497794 seconds.
  path: Assets/Resources/SandBox/Renan/Prefabs/Sphere.prefab
  artifactKey: Guid(7a386b5cec2f41241b0c32f99c24828f) Importer(815301076,1909f56bfc062723c751e8b465ee728b)
Start importing Assets/Resources/SandBox/Renan/Prefabs/Sphere.prefab using Guid(7a386b5cec2f41241b0c32f99c24828f) Importer(815301076,1909f56bfc062723c751e8b465ee728b)  -> (artifact id: '48b8a20af703e2bbd3d51cca6af5abda') in 0.467407 seconds 
========================================================================
Received Import Request.
  Time since last request: 12.219856 seconds.
  path: Assets/Game/TargetCamera
  artifactKey: Guid(bb2593e0059504f46930621cb02a393d) Importer(815301076,1909f56bfc062723c751e8b465ee728b)
Start importing Assets/Game/TargetCamera using Guid(bb2593e0059504f46930621cb02a393d) Importer(815301076,1909f56bfc062723c751e8b465ee728b)  -> (artifact id: 'eb454f396c32566f6bfa1610c4e23b66') in 0.018903 seconds 
========================================================================
Received Import Request.
  Time since last request: 1.327849 seconds.
  path: Assets/Game/Target
  artifactKey: Guid(eeded8d92b6c03f48b7590d5aa2dfe45) Importer(815301076,1909f56bfc062723c751e8b465ee728b)
Start importing Assets/Game/Target using Guid(eeded8d92b6c03f48b7590d5aa2dfe45) Importer(815301076,1909f56bfc062723c751e8b465ee728b)  -> (artifact id: '7ba8b5c5da7669fb380c47a315ba0052') in 0.017049 seconds 
========================================================================
Received Import Request.
  Time since last request: 5.135892 seconds.
  path: Assets/Game/Grab System/Scripts/GrabbableHoldPoint.cs
  artifactKey: Guid(d98f8102540eeef4a989c2aaedd7a205) Importer(815301076,1909f56bfc062723c751e8b465ee728b)
Start importing Assets/Game/Grab System/Scripts/GrabbableHoldPoint.cs using Guid(d98f8102540eeef4a989c2aaedd7a205) Importer(815301076,1909f56bfc062723c751e8b465ee728b)  -> (artifact id: '2063c66c96969f1e74bb1d465af72f1a') in 0.016356 seconds 
========================================================================
Received Import Request.
  Time since last request: 1.712676 seconds.
  path: Assets/Game/Grab System/Scripts/GrabbableObject.cs
  artifactKey: Guid(a72ec3f3f39e69d43b5bb40c11795189) Importer(815301076,1909f56bfc062723c751e8b465ee728b)
Start importing Assets/Game/Grab System/Scripts/GrabbableObject.cs using Guid(a72ec3f3f39e69d43b5bb40c11795189) Importer(815301076,1909f56bfc062723c751e8b465ee728b)  -> (artifact id: '77d47e7136f4b3a3b2d10e6af7a1bbc0') in 0.014347 seconds 
========================================================================
Received Import Request.
  Time since last request: 1.533110 seconds.
  path: Assets/Game/Grab System/Scripts/GrabBehaviour.cs
  artifactKey: Guid(ea2d6e43a13b01b479b503e407589ebf) Importer(815301076,1909f56bfc062723c751e8b465ee728b)
Start importing Assets/Game/Grab System/Scripts/GrabBehaviour.cs using Guid(ea2d6e43a13b01b479b503e407589ebf) Importer(815301076,1909f56bfc062723c751e8b465ee728b)  -> (artifact id: 'cca82d7467e3190a1da2fa0177daa0aa') in 0.016089 seconds 
========================================================================
Received Import Request.
  Time since last request: 6709.783600 seconds.
  path: Assets/Game/Grab System/Scripts/HoldType.cs
  artifactKey: Guid(45991b1505430594983171da11f3ba85) Importer(815301076,1909f56bfc062723c751e8b465ee728b)
Start importing Assets/Game/Grab System/Scripts/HoldType.cs using Guid(45991b1505430594983171da11f3ba85) Importer(815301076,1909f56bfc062723c751e8b465ee728b)  -> (artifact id: '3d2443125889203688e34c163903a34a') in 0.014887 seconds 
========================================================================
Received Import Request.
  Time since last request: 2.516059 seconds.
  path: Assets/Game/Grab System/Scripts/InputManager.cs
  artifactKey: Guid(6d94c2878598ef74c8de8826309d1cc5) Importer(815301076,1909f56bfc062723c751e8b465ee728b)
Start importing Assets/Game/Grab System/Scripts/InputManager.cs using Guid(6d94c2878598ef74c8de8826309d1cc5) Importer(815301076,1909f56bfc062723c751e8b465ee728b)  -> (artifact id: '72edff7c247c02aeed4482d7a7b6f0bc') in 0.012370 seconds 
========================================================================
Received Import Request.
  Time since last request: 1.654232 seconds.
  path: Assets/Game/Grab System/Scripts/ScanHologramController.cs
  artifactKey: Guid(4d4b541e97a61e34a8ccdf2cad664f15) Importer(815301076,1909f56bfc062723c751e8b465ee728b)
Start importing Assets/Game/Grab System/Scripts/ScanHologramController.cs using Guid(4d4b541e97a61e34a8ccdf2cad664f15) Importer(815301076,1909f56bfc062723c751e8b465ee728b)  -> (artifact id: 'dc5d2b280d9f45c3a24b06de478a31c3') in 0.010706 seconds 
========================================================================
Received Import Request.
  Time since last request: 2.691417 seconds.
  path: Assets/Game/Grab System/Scripts/SecondHandBehaviour.cs
  artifactKey: Guid(5f9a8865367b83b4d9ee1404d1a006a4) Importer(815301076,1909f56bfc062723c751e8b465ee728b)
Start importing Assets/Game/Grab System/Scripts/SecondHandBehaviour.cs using Guid(5f9a8865367b83b4d9ee1404d1a006a4) Importer(815301076,1909f56bfc062723c751e8b465ee728b)  -> (artifact id: 'e3a566b9500e56f1fc8339034eea6246') in 0.010425 seconds 
