Using pre-set license
Built from '2021.3/staging' branch; Version is '2021.3.20f1 (577897200b8b) revision 5732503'; Using compiler version '192829333'; Build Type 'Release'
OS: 'Windows 11  (10.0.22631) 64bit Professional' Language: 'pt' Physical Memory: 16297 MB
BatchMode: 1, IsHumanControllingUs: 0, StartBugReporterOnCrash: 0, Is64bit: 1, IsPro: 1

COMMAND LINE ARGUMENTS:
C:\Program Files\Unity\Hub\Editor\2021.3.20f1\Editor\Unity.exe
-adb2
-batchMode
-noUpm
-name
AssetImportWorker2
-projectPath
D:/Projects/WeaponReload
-logFile
Logs/AssetImportWorker2.log
-srvPort
52503
Successfully changed project path to: D:/Projects/WeaponReload
D:/Projects/WeaponReload
[UnityMemory] Configuration Parameters - Can be set up in boot.config
    "memorysetup-bucket-allocator-granularity=16"
    "memorysetup-bucket-allocator-bucket-count=8"
    "memorysetup-bucket-allocator-block-size=33554432"
    "memorysetup-bucket-allocator-block-count=8"
    "memorysetup-main-allocator-block-size=16777216"
    "memorysetup-thread-allocator-block-size=16777216"
    "memorysetup-gfx-main-allocator-block-size=16777216"
    "memorysetup-gfx-thread-allocator-block-size=16777216"
    "memorysetup-cache-allocator-block-size=4194304"
    "memorysetup-typetree-allocator-block-size=2097152"
    "memorysetup-profiler-bucket-allocator-granularity=16"
    "memorysetup-profiler-bucket-allocator-bucket-count=8"
    "memorysetup-profiler-bucket-allocator-block-size=33554432"
    "memorysetup-profiler-bucket-allocator-block-count=8"
    "memorysetup-profiler-allocator-block-size=16777216"
    "memorysetup-profiler-editor-allocator-block-size=1048576"
    "memorysetup-temp-allocator-size-main=16777216"
    "memorysetup-job-temp-allocator-block-size=2097152"
    "memorysetup-job-temp-allocator-block-size-background=1048576"
    "memorysetup-job-temp-allocator-reduction-small-platforms=262144"
    "memorysetup-temp-allocator-size-background-worker=32768"
    "memorysetup-temp-allocator-size-job-worker=262144"
    "memorysetup-temp-allocator-size-preload-manager=33554432"
    "memorysetup-temp-allocator-size-nav-mesh-worker=65536"
    "memorysetup-temp-allocator-size-audio-worker=65536"
    "memorysetup-temp-allocator-size-cloud-worker=32768"
    "memorysetup-temp-allocator-size-gi-baking-worker=262144"
    "memorysetup-temp-allocator-size-gfx=262144"
Player connection [4672] Host "[IP] 192.168.15.11 [Port] 0 [Flags] 2 [Guid] 3696867185 [EditorId] 3696867185 [Version] 1048832 [Id] WindowsEditor(7,Renan) [Debug] 1 [PackageName] WindowsEditor [ProjectName] Editor" joined multi-casting on [225.0.0.222:54997]...

Player connection [4672] Host "[IP] 192.168.15.11 [Port] 0 [Flags] 2 [Guid] 3696867185 [EditorId] 3696867185 [Version] 1048832 [Id] WindowsEditor(7,Renan) [Debug] 1 [PackageName] WindowsEditor [ProjectName] Editor" joined alternative multi-casting on [225.0.0.222:34997]...

Refreshing native plugins compatible for Editor in 54.74 ms, found 2 plugins.
Preloading 0 native plugins for Editor in 0.00 ms.
Initialize engine version: 2021.3.20f1 (577897200b8b)
[Subsystems] Discovering subsystems at path C:/Program Files/Unity/Hub/Editor/2021.3.20f1/Editor/Data/Resources/UnitySubsystems
[Subsystems] Discovering subsystems at path D:/Projects/WeaponReload/Assets
GfxDevice: creating device client; threaded=0; jobified=0
Direct3D:
    Version:  Direct3D 11.0 [level 11.1]
    Renderer: NVIDIA GeForce RTX 2060 (ID=0x1f08)
    Vendor:   NVIDIA
    VRAM:     5969 MB
    Driver:   31.0.15.4617
Initialize mono
Mono path[0] = 'C:/Program Files/Unity/Hub/Editor/2021.3.20f1/Editor/Data/Managed'
Mono path[1] = 'C:/Program Files/Unity/Hub/Editor/2021.3.20f1/Editor/Data/MonoBleedingEdge/lib/mono/unityjit-win32'
Mono config path = 'C:/Program Files/Unity/Hub/Editor/2021.3.20f1/Editor/Data/MonoBleedingEdge/etc'
Using monoOptions --debugger-agent=transport=dt_socket,embedding=1,server=y,suspend=n,address=127.0.0.1:56756
Begin MonoManager ReloadAssembly
Registering precompiled unity dll's ...
Register platform support module: C:/Program Files/Unity/Hub/Editor/2021.3.20f1/Editor/Data/PlaybackEngines/AndroidPlayer/UnityEditor.Android.Extensions.dll
Register platform support module: C:/Program Files/Unity/Hub/Editor/2021.3.20f1/Editor/Data/PlaybackEngines/WindowsStandaloneSupport/UnityEditor.WindowsStandalone.Extensions.dll
Registered in 0.005252 seconds.
Native extension for WindowsStandalone target not found
Native extension for Android target not found
Android Extension - Scanning For ADB Devices 316 ms
Refreshing native plugins compatible for Editor in 45.91 ms, found 2 plugins.
Preloading 0 native plugins for Editor in 0.00 ms.
Mono: successfully reloaded assembly
- Completed reload, in  1.004 seconds
Domain Reload Profiling:
	ReloadAssembly (1004ms)
		BeginReloadAssembly (93ms)
			ExecutionOrderSort (0ms)
			DisableScriptedObjects (0ms)
			BackupInstance (0ms)
			ReleaseScriptingObjects (0ms)
			CreateAndSetChildDomain (1ms)
		EndReloadAssembly (800ms)
			LoadAssemblies (90ms)
			RebuildTransferFunctionScriptingTraits (0ms)
			SetupTypeCache (131ms)
			ReleaseScriptCaches (0ms)
			RebuildScriptCaches (31ms)
			SetupLoadedEditorAssemblies (581ms)
				LogAssemblyErrors (0ms)
				InitializePlatformSupportModulesInManaged (391ms)
				SetLoadedEditorAssemblies (0ms)
				RefreshPlugins (46ms)
				BeforeProcessingInitializeOnLoad (2ms)
				ProcessInitializeOnLoadAttributes (90ms)
				ProcessInitializeOnLoadMethodAttributes (51ms)
				AfterProcessingInitializeOnLoad (0ms)
				EditorAssembliesLoaded (0ms)
			ExecutionOrderSort2 (0ms)
			AwakeInstancesAfterBackupRestoration (0ms)
Platform modules already initialized, skipping
Registering precompiled user dll's ...
Registered in 0.002422 seconds.
Begin MonoManager ReloadAssembly
Native extension for WindowsStandalone target not found
Native extension for Android target not found
Refreshing native plugins compatible for Editor in 0.50 ms, found 2 plugins.
Preloading 0 native plugins for Editor in 0.00 ms.
Mono: successfully reloaded assembly
- Completed reload, in  4.125 seconds
Domain Reload Profiling:
	ReloadAssembly (4126ms)
		BeginReloadAssembly (124ms)
			ExecutionOrderSort (0ms)
			DisableScriptedObjects (6ms)
			BackupInstance (0ms)
			ReleaseScriptingObjects (0ms)
			CreateAndSetChildDomain (22ms)
		EndReloadAssembly (3886ms)
			LoadAssemblies (2950ms)
			RebuildTransferFunctionScriptingTraits (0ms)
			SetupTypeCache (248ms)
			ReleaseScriptCaches (0ms)
			RebuildScriptCaches (51ms)
			SetupLoadedEditorAssemblies (600ms)
				LogAssemblyErrors (0ms)
				InitializePlatformSupportModulesInManaged (22ms)
				SetLoadedEditorAssemblies (1ms)
				RefreshPlugins (1ms)
				BeforeProcessingInitializeOnLoad (68ms)
				ProcessInitializeOnLoadAttributes (479ms)
				ProcessInitializeOnLoadMethodAttributes (22ms)
				AfterProcessingInitializeOnLoad (7ms)
				EditorAssembliesLoaded (0ms)
			ExecutionOrderSort2 (0ms)
			AwakeInstancesAfterBackupRestoration (8ms)
Platform modules already initialized, skipping
========================================================================
Worker process is ready to serve import requests
Launched and connected shader compiler UnityShaderCompiler.exe after 0.06 seconds
Refreshing native plugins compatible for Editor in 0.66 ms, found 2 plugins.
Preloading 0 native plugins for Editor in 0.00 ms.
Unloading 2190 Unused Serialized files (Serialized files now loaded: 0)
Unloading 98 unused Assets / (1.6 MB). Loaded Objects now: 2644.
Memory consumption went from 108.9 MB to 107.3 MB.
Total: 7.140600 ms (FindLiveObjects: 0.286900 ms CreateObjectMapping: 0.172400 ms MarkObjects: 6.218100 ms  DeleteObjects: 0.461400 ms)

AssetImportParameters requested are different than current active one (requested -> active):
  custom:video-decoder-ogg-theora: a1e56fd34408186e4bbccfd4996cb3dc -> 
  custom:container-muxer-webm: aa71ff27fc2769a1b78a27578f13a17b -> 
  custom:container-demuxer-webm: 4f35f7cbe854078d1ac9338744f61a02 -> 
  custom:video-encoder-webm-vp8: eb34c28f22e8b96e1ab97ce403110664 -> 
  custom:video-codec-MediaFoundation-h265: 746d11721c4dcdbdad8f713fa42b33f4 -> 
  custom:audio-encoder-webm-vorbis: bf7c407c2cedff20999df2af8eb42d56 -> 
  custom:framework-win-MediaFoundation: 216162199b28c13a410421893ffa2e32 -> 
  custom:container-demuxer-ogg: 62fdf1f143b41e24485cea50d1cbac27 -> 
  custom:video-decoder-webm-vp8: 9c59270c3fd7afecdb556c50c9e8de78 -> 
  custom:audio-decoder-ogg-vorbis: bf7c407c2cedff20999df2af8eb42d56 -> 
========================================================================
Received Import Request.
  Time since last request: 4605.509168 seconds.
  path: Packages/com.unity.probuilder/Content/Icons/Tools/ShapeTool/on/Door.png
  artifactKey: Guid(2002d806f253361469881a67e7fc9ea3) Importer(815301076,1909f56bfc062723c751e8b465ee728b)
Start importing Packages/com.unity.probuilder/Content/Icons/Tools/ShapeTool/on/Door.png using Guid(2002d806f253361469881a67e7fc9ea3) Importer(815301076,1909f56bfc062723c751e8b465ee728b)  -> (artifact id: '37be68b6d40758f265e0376eb247f504') in 0.081671 seconds 
========================================================================
Received Import Request.
  Time since last request: 0.000033 seconds.
  path: Packages/com.unity.probuilder/Content/Icons/Tools/ShapeTool/Door@2x.png
  artifactKey: Guid(0dc0c708f5d18c845b2c60321e211f3f) Importer(815301076,1909f56bfc062723c751e8b465ee728b)
Start importing Packages/com.unity.probuilder/Content/Icons/Tools/ShapeTool/Door@2x.png using Guid(0dc0c708f5d18c845b2c60321e211f3f) Importer(815301076,1909f56bfc062723c751e8b465ee728b)  -> (artifact id: '81747a89f0e78fc9774dd7feecea940d') in 0.018880 seconds 
========================================================================
Received Import Request.
  Time since last request: 0.000037 seconds.
  path: Assets/3rd Party/Tirgames/ShootingRangeInteriors/Models/Doors/Prefabs/Door02.prefab
  artifactKey: Guid(2be38d8603bd375459a24022e0a4a8d0) Importer(815301076,1909f56bfc062723c751e8b465ee728b)
Start importing Assets/3rd Party/Tirgames/ShootingRangeInteriors/Models/Doors/Prefabs/Door02.prefab using Guid(2be38d8603bd375459a24022e0a4a8d0) Importer(815301076,1909f56bfc062723c751e8b465ee728b)  -> (artifact id: 'f161a14949d8fc9f7c090cb58bd8cdcc') in 0.291556 seconds 
========================================================================
Received Import Request.
  Time since last request: 0.000046 seconds.
  path: Assets/3rd Party/Tirgames/ShootingRangeInteriors/Models/Doors/Prefabs/Door02Post.prefab
  artifactKey: Guid(41995a67da46cd041b30345cc6dff096) Importer(815301076,1909f56bfc062723c751e8b465ee728b)
Start importing Assets/3rd Party/Tirgames/ShootingRangeInteriors/Models/Doors/Prefabs/Door02Post.prefab using Guid(41995a67da46cd041b30345cc6dff096) Importer(815301076,1909f56bfc062723c751e8b465ee728b)  -> (artifact id: '4e7331ca04a83a5599895408e7932dc6') in 0.045803 seconds 
========================================================================
Received Import Request.
  Time since last request: 0.000032 seconds.
  path: Packages/com.unity.probuilder/Content/Icons/Tools/ShapeTool/on/Door@2x.png
  artifactKey: Guid(dd5e95bfc7fa456479336740356abaca) Importer(815301076,1909f56bfc062723c751e8b465ee728b)
Start importing Packages/com.unity.probuilder/Content/Icons/Tools/ShapeTool/on/Door@2x.png using Guid(dd5e95bfc7fa456479336740356abaca) Importer(815301076,1909f56bfc062723c751e8b465ee728b)  -> (artifact id: '7d150934f5003b24b262086a56063b31') in 0.031959 seconds 
========================================================================
Received Import Request.
  Time since last request: 0.000023 seconds.
  path: Packages/com.unity.probuilder/Content/Icons/Tools/ShapeTool/Door@2x_Light.png
  artifactKey: Guid(004eed9474720524c91221e0051f47ef) Importer(815301076,1909f56bfc062723c751e8b465ee728b)
Start importing Packages/com.unity.probuilder/Content/Icons/Tools/ShapeTool/Door@2x_Light.png using Guid(004eed9474720524c91221e0051f47ef) Importer(815301076,1909f56bfc062723c751e8b465ee728b)  -> (artifact id: '5c57f35aa8d336bd1e956eab7c04cf35') in 0.031635 seconds 
========================================================================
Received Import Request.
  Time since last request: 1.798980 seconds.
  path: Assets/Game/Scenario/Armario_delivery/Scripts/DoorBehaviour.cs
  artifactKey: Guid(16189daeb02d85c4f8005aa1720de1a6) Importer(815301076,1909f56bfc062723c751e8b465ee728b)
Start importing Assets/Game/Scenario/Armario_delivery/Scripts/DoorBehaviour.cs using Guid(16189daeb02d85c4f8005aa1720de1a6) Importer(815301076,1909f56bfc062723c751e8b465ee728b)  -> (artifact id: 'a4245accabdad18c5b8abf8656d7f40f') in 0.015716 seconds 
========================================================================
Received Import Request.
  Time since last request: 3.163499 seconds.
  path: Packages/com.unity.probuilder/Runtime/Shapes/Door.cs
  artifactKey: Guid(945d633938915ec42a2e6da38708d8b3) Importer(815301076,1909f56bfc062723c751e8b465ee728b)
Start importing Packages/com.unity.probuilder/Runtime/Shapes/Door.cs using Guid(945d633938915ec42a2e6da38708d8b3) Importer(815301076,1909f56bfc062723c751e8b465ee728b)  -> (artifact id: '3c2d8e89b14c2d4184f26630e0176b54') in 0.001553 seconds 
========================================================================
Received Prepare
Registering precompiled user dll's ...
Registered in 0.002156 seconds.
Begin MonoManager ReloadAssembly
Native extension for WindowsStandalone target not found
Native extension for Android target not found
Refreshing native plugins compatible for Editor in 1.47 ms, found 2 plugins.
Preloading 0 native plugins for Editor in 0.01 ms.
Warning: Annotation not found!
0x00007ff7535ebe5d (Unity) StackWalker::GetCurrentCallstack
0x00007ff7535f2a19 (Unity) StackWalker::ShowCallstack
0x00007ff754579d93 (Unity) GetStacktrace
0x00007ff754c2869d (Unity) DebugStringToFile
0x00007ff753f85e21 (Unity) AnnotationManager::SetIconEnabled
0x00007ff752b859c0 (Unity) AnnotationUtility_CUSTOM_SetIconEnabled
0x00000240b7d573b8 (Mono JIT Code) (wrapper managed-to-native) UnityEditor.AnnotationUtility:SetIconEnabled (int,string,int)
0x00000240b7d3c303 (Mono JIT Code) [EditorUtility.cs:586] UnityEditor.ProBuilder.EditorUtility:SetGizmoIconEnabled (System.Type,bool) 
0x00000240b7d3aa9b (Mono JIT Code) [HierarchyListener.cs:25] UnityEditor.ProBuilder.HierarchyListener:.cctor () 
0x00000240b7d3711d (Mono JIT Code) (wrapper runtime-invoke) object:runtime_invoke_void (object,intptr,intptr,intptr)
0x00007ffad0c4feb4 (mono-2.0-bdwgc) [mini-runtime.c:3445] mono_jit_runtime_invoke 
0x00007ffad0b8e764 (mono-2.0-bdwgc) [object.c:3066] do_runtime_invoke 
0x00007ffad0b89810 (mono-2.0-bdwgc) [object.c:563] mono_runtime_class_init_full 
0x00007ffad0af6290 (mono-2.0-bdwgc) [icall-def.h:756] ves_icall_System_Runtime_CompilerServices_RuntimeHelpers_RunClassConstructor_raw 
0x00000240bbc33fca (Mono JIT Code) (wrapper managed-to-native) System.Runtime.CompilerServices.RuntimeHelpers:RunClassConstructor (intptr)
0x00000240bbc33edb (Mono JIT Code) System.Runtime.CompilerServices.RuntimeHelpers:RunClassConstructor (System.RuntimeTypeHandle)
0x00000240bbc32eeb (Mono JIT Code) UnityEditor.EditorAssemblies:ProcessInitializeOnLoadAttributes (System.Type[])
0x00000240bab51ae8 (Mono JIT Code) (wrapper runtime-invoke) <Module>:runtime_invoke_void_object (object,intptr,intptr,intptr)
0x00007ffad0c4feb4 (mono-2.0-bdwgc) [mini-runtime.c:3445] mono_jit_runtime_invoke 
0x00007ffad0b8e764 (mono-2.0-bdwgc) [object.c:3066] do_runtime_invoke 
0x00007ffad0b8e8fc (mono-2.0-bdwgc) [object.c:3113] mono_runtime_invoke 
0x00007ff7535107f4 (Unity) scripting_method_invoke
0x00007ff7534efff4 (Unity) ScriptingInvocation::Invoke
0x00007ff7534eabf5 (Unity) ScriptingInvocation::Invoke<void>
0x00007ff75362d293 (Unity) Scripting::UnityEditor::EditorAssembliesProxy::ProcessInitializeOnLoadAttributes
0x00007ff7534e4e3b (Unity) MonoManager::SetupLoadedEditorAssemblies
0x00007ff7534da92d (Unity) MonoManager::EndReloadAssembly
0x00007ff7534e24b8 (Unity) MonoManager::ReloadAssembly
0x00007ff754434532 (Unity) LoadDomainAndUserAssemblies
0x00007ff754434c64 (Unity) LoadUserAssemblies
0x00007ff75492ae5f (Unity) <lambda_9de660459e8618354eb514546334764f>::operator()
0x00007ff75496bd12 (Unity) asio::detail::completion_handler<core::mutable_function<void __cdecl(void)>,asio::io_context::basic_executor_type<std::allocator<void>,0> >::do_complete
0x00007ff754957bfe (Unity) asio::detail::win_iocp_io_context::do_one
0x00007ff754959864 (Unity) asio::detail::win_iocp_io_context::run
0x00007ff75496a0fe (Unity) IOService::Run
0x00007ff75493c80f (Unity) AssetImportWorkerClient::Run
0x00007ff754904e03 (Unity) RunAssetImportWorkerClientV2
0x00007ff754904e8b (Unity) RunAssetImporterV2
0x00007ff75411ebf8 (Unity) Application::InitializeProject
0x00007ff7545844f8 (Unity) WinMain
0x00007ff75594d0ee (Unity) __scrt_common_main_seh
0x00007ffbafe3257d (KERNEL32) BaseThreadInitThunk
0x00007ffbb1f2aa58 (ntdll) RtlUserThreadStart

Mono: successfully reloaded assembly
- Completed reload, in  1.605 seconds
Domain Reload Profiling:
	ReloadAssembly (1606ms)
		BeginReloadAssembly (181ms)
			ExecutionOrderSort (0ms)
			DisableScriptedObjects (5ms)
			BackupInstance (0ms)
			ReleaseScriptingObjects (0ms)
			CreateAndSetChildDomain (43ms)
		EndReloadAssembly (1304ms)
			LoadAssemblies (106ms)
			RebuildTransferFunctionScriptingTraits (0ms)
			SetupTypeCache (237ms)
			ReleaseScriptCaches (1ms)
			RebuildScriptCaches (48ms)
			SetupLoadedEditorAssemblies (882ms)
				LogAssemblyErrors (0ms)
				InitializePlatformSupportModulesInManaged (28ms)
				SetLoadedEditorAssemblies (2ms)
				RefreshPlugins (2ms)
				BeforeProcessingInitializeOnLoad (66ms)
				ProcessInitializeOnLoadAttributes (753ms)
				ProcessInitializeOnLoadMethodAttributes (24ms)
				AfterProcessingInitializeOnLoad (7ms)
				EditorAssembliesLoaded (0ms)
			ExecutionOrderSort2 (0ms)
			AwakeInstancesAfterBackupRestoration (8ms)
Platform modules already initialized, skipping
Refreshing native plugins compatible for Editor in 1.13 ms, found 2 plugins.
Preloading 0 native plugins for Editor in 0.00 ms.
Unloading 2092 Unused Serialized files (Serialized files now loaded: 0)
Unloading 29 unused Assets / (1.6 MB). Loaded Objects now: 2658.
Memory consumption went from 102.9 MB to 101.3 MB.
Total: 3.749500 ms (FindLiveObjects: 0.271400 ms CreateObjectMapping: 0.099800 ms MarkObjects: 3.057700 ms  DeleteObjects: 0.319600 ms)

AssetImportParameters requested are different than current active one (requested -> active):
  custom:video-decoder-ogg-theora: a1e56fd34408186e4bbccfd4996cb3dc -> 
  custom:container-muxer-webm: aa71ff27fc2769a1b78a27578f13a17b -> 
  custom:container-demuxer-webm: 4f35f7cbe854078d1ac9338744f61a02 -> 
  custom:video-encoder-webm-vp8: eb34c28f22e8b96e1ab97ce403110664 -> 
  custom:video-codec-MediaFoundation-h265: 746d11721c4dcdbdad8f713fa42b33f4 -> 
  custom:audio-encoder-webm-vorbis: bf7c407c2cedff20999df2af8eb42d56 -> 
  custom:framework-win-MediaFoundation: 216162199b28c13a410421893ffa2e32 -> 
  custom:container-demuxer-ogg: 62fdf1f143b41e24485cea50d1cbac27 -> 
  custom:video-decoder-webm-vp8: 9c59270c3fd7afecdb556c50c9e8de78 -> 
  custom:audio-decoder-ogg-vorbis: bf7c407c2cedff20999df2af8eb42d56 -> 
========================================================================
Received Import Request.
  Time since last request: 50.987926 seconds.
  path: Assets/Game/Shared/Scripts/BulletTrail.cs
  artifactKey: Guid(58540600197e23e4cae256b58f562fbb) Importer(815301076,1909f56bfc062723c751e8b465ee728b)
Start importing Assets/Game/Shared/Scripts/BulletTrail.cs using Guid(58540600197e23e4cae256b58f562fbb) Importer(815301076,1909f56bfc062723c751e8b465ee728b)  -> (artifact id: 'aac5fa0cac977058a0ee28e21a9fd4d9') in 0.010029 seconds 
========================================================================
Received Import Request.
  Time since last request: 8.708762 seconds.
  path: Assets/Game/Scenario/EPI/Prefabs/ProtectionGlasses.prefab
  artifactKey: Guid(1638572892a90d649a5c3f25e9982a29) Importer(815301076,1909f56bfc062723c751e8b465ee728b)
Start importing Assets/Game/Scenario/EPI/Prefabs/ProtectionGlasses.prefab using Guid(1638572892a90d649a5c3f25e9982a29) Importer(815301076,1909f56bfc062723c751e8b465ee728b)  -> (artifact id: '7a25c74edd630c35ac09809274e05083') in 0.029687 seconds 
========================================================================
Received Import Request.
  Time since last request: 1.254420 seconds.
  path: Assets/Game/Scenario/EPI/Prefabs/Headset.prefab
  artifactKey: Guid(ec83951555d6d564abf7e4144e11ad7c) Importer(815301076,1909f56bfc062723c751e8b465ee728b)
Start importing Assets/Game/Scenario/EPI/Prefabs/Headset.prefab using Guid(ec83951555d6d564abf7e4144e11ad7c) Importer(815301076,1909f56bfc062723c751e8b465ee728b)  -> (artifact id: 'af003bf8547f1439b81553a8adc017e2') in 0.252357 seconds 
========================================================================
Received Import Request.
  Time since last request: 3.381388 seconds.
  path: Assets/Game/Scenario/EPI/Scripts
  artifactKey: Guid(b30ee51058664f54d81e0820e8f63b91) Importer(815301076,1909f56bfc062723c751e8b465ee728b)
Start importing Assets/Game/Scenario/EPI/Scripts using Guid(b30ee51058664f54d81e0820e8f63b91) Importer(815301076,1909f56bfc062723c751e8b465ee728b)  -> (artifact id: 'efe194d11412f6102476728a9b296438') in 0.006582 seconds 
========================================================================
Received Import Request.
  Time since last request: 0.734492 seconds.
  path: Assets/Game/Scenario/EPI/Scripts/CollectBehaviour.cs
  artifactKey: Guid(8cf58b9af92d246479381ca452c0dec7) Importer(815301076,1909f56bfc062723c751e8b465ee728b)
Start importing Assets/Game/Scenario/EPI/Scripts/CollectBehaviour.cs using Guid(8cf58b9af92d246479381ca452c0dec7) Importer(815301076,1909f56bfc062723c751e8b465ee728b)  -> (artifact id: 'c88f193a415ce77459e2322f4f5124bc') in 0.008359 seconds 
========================================================================
Received Import Request.
  Time since last request: 0.578819 seconds.
  path: Assets/Game/Scenario/EPI
  artifactKey: Guid(67e9f306867ef4441ac3abc71d373b9c) Importer(815301076,1909f56bfc062723c751e8b465ee728b)
Start importing Assets/Game/Scenario/EPI using Guid(67e9f306867ef4441ac3abc71d373b9c) Importer(815301076,1909f56bfc062723c751e8b465ee728b)  -> (artifact id: '5a602fc28738f0c05e5e5bda324e3117') in 0.008645 seconds 
========================================================================
Received Prepare
Registering precompiled user dll's ...
Registered in 0.002122 seconds.
Begin MonoManager ReloadAssembly
Native extension for WindowsStandalone target not found
Native extension for Android target not found
Refreshing native plugins compatible for Editor in 0.53 ms, found 2 plugins.
Preloading 0 native plugins for Editor in 0.00 ms.
Warning: Annotation not found!
0x00007ff7535ebe5d (Unity) StackWalker::GetCurrentCallstack
0x00007ff7535f2a19 (Unity) StackWalker::ShowCallstack
0x00007ff754579d93 (Unity) GetStacktrace
0x00007ff754c2869d (Unity) DebugStringToFile
0x00007ff753f85e21 (Unity) AnnotationManager::SetIconEnabled
0x00007ff752b859c0 (Unity) AnnotationUtility_CUSTOM_SetIconEnabled
0x00000240bab8fe98 (Mono JIT Code) (wrapper managed-to-native) UnityEditor.AnnotationUtility:SetIconEnabled (int,string,int)
0x00000240bab81a23 (Mono JIT Code) [EditorUtility.cs:586] UnityEditor.ProBuilder.EditorUtility:SetGizmoIconEnabled (System.Type,bool) 
0x00000240bab8161b (Mono JIT Code) [HierarchyListener.cs:25] UnityEditor.ProBuilder.HierarchyListener:.cctor () 
0x00000240bab6fbed (Mono JIT Code) (wrapper runtime-invoke) object:runtime_invoke_void (object,intptr,intptr,intptr)
0x00007ffad0c4feb4 (mono-2.0-bdwgc) [mini-runtime.c:3445] mono_jit_runtime_invoke 
0x00007ffad0b8e764 (mono-2.0-bdwgc) [object.c:3066] do_runtime_invoke 
0x00007ffad0b89810 (mono-2.0-bdwgc) [object.c:563] mono_runtime_class_init_full 
0x00007ffad0af6290 (mono-2.0-bdwgc) [icall-def.h:756] ves_icall_System_Runtime_CompilerServices_RuntimeHelpers_RunClassConstructor_raw 
0x00000240bd7a3fca (Mono JIT Code) (wrapper managed-to-native) System.Runtime.CompilerServices.RuntimeHelpers:RunClassConstructor (intptr)
0x00000240bd7a3edb (Mono JIT Code) System.Runtime.CompilerServices.RuntimeHelpers:RunClassConstructor (System.RuntimeTypeHandle)
0x00000240bd7a2eeb (Mono JIT Code) UnityEditor.EditorAssemblies:ProcessInitializeOnLoadAttributes (System.Type[])
0x00000240b7d51ae8 (Mono JIT Code) (wrapper runtime-invoke) <Module>:runtime_invoke_void_object (object,intptr,intptr,intptr)
0x00007ffad0c4feb4 (mono-2.0-bdwgc) [mini-runtime.c:3445] mono_jit_runtime_invoke 
0x00007ffad0b8e764 (mono-2.0-bdwgc) [object.c:3066] do_runtime_invoke 
0x00007ffad0b8e8fc (mono-2.0-bdwgc) [object.c:3113] mono_runtime_invoke 
0x00007ff7535107f4 (Unity) scripting_method_invoke
0x00007ff7534efff4 (Unity) ScriptingInvocation::Invoke
0x00007ff7534eabf5 (Unity) ScriptingInvocation::Invoke<void>
0x00007ff75362d293 (Unity) Scripting::UnityEditor::EditorAssembliesProxy::ProcessInitializeOnLoadAttributes
0x00007ff7534e4e3b (Unity) MonoManager::SetupLoadedEditorAssemblies
0x00007ff7534da92d (Unity) MonoManager::EndReloadAssembly
0x00007ff7534e24b8 (Unity) MonoManager::ReloadAssembly
0x00007ff754434532 (Unity) LoadDomainAndUserAssemblies
0x00007ff754434c64 (Unity) LoadUserAssemblies
0x00007ff75492ae5f (Unity) <lambda_9de660459e8618354eb514546334764f>::operator()
0x00007ff75496bd12 (Unity) asio::detail::completion_handler<core::mutable_function<void __cdecl(void)>,asio::io_context::basic_executor_type<std::allocator<void>,0> >::do_complete
0x00007ff754957bfe (Unity) asio::detail::win_iocp_io_context::do_one
0x00007ff754959864 (Unity) asio::detail::win_iocp_io_context::run
0x00007ff75496a0fe (Unity) IOService::Run
0x00007ff75493c80f (Unity) AssetImportWorkerClient::Run
0x00007ff754904e03 (Unity) RunAssetImportWorkerClientV2
0x00007ff754904e8b (Unity) RunAssetImporterV2
0x00007ff75411ebf8 (Unity) Application::InitializeProject
0x00007ff7545844f8 (Unity) WinMain
0x00007ff75594d0ee (Unity) __scrt_common_main_seh
0x00007ffbafe3257d (KERNEL32) BaseThreadInitThunk
0x00007ffbb1f2aa58 (ntdll) RtlUserThreadStart

Mono: successfully reloaded assembly
- Completed reload, in  1.185 seconds
Domain Reload Profiling:
	ReloadAssembly (1186ms)
		BeginReloadAssembly (151ms)
			ExecutionOrderSort (0ms)
			DisableScriptedObjects (5ms)
			BackupInstance (0ms)
			ReleaseScriptingObjects (0ms)
			CreateAndSetChildDomain (41ms)
		EndReloadAssembly (933ms)
			LoadAssemblies (84ms)
			RebuildTransferFunctionScriptingTraits (0ms)
			SetupTypeCache (214ms)
			ReleaseScriptCaches (1ms)
			RebuildScriptCaches (46ms)
			SetupLoadedEditorAssemblies (512ms)
				LogAssemblyErrors (0ms)
				InitializePlatformSupportModulesInManaged (30ms)
				SetLoadedEditorAssemblies (0ms)
				RefreshPlugins (1ms)
				BeforeProcessingInitializeOnLoad (95ms)
				ProcessInitializeOnLoadAttributes (349ms)
				ProcessInitializeOnLoadMethodAttributes (28ms)
				AfterProcessingInitializeOnLoad (8ms)
				EditorAssembliesLoaded (0ms)
			ExecutionOrderSort2 (0ms)
			AwakeInstancesAfterBackupRestoration (8ms)
Platform modules already initialized, skipping
Refreshing native plugins compatible for Editor in 1.72 ms, found 2 plugins.
Preloading 0 native plugins for Editor in 0.00 ms.
Unloading 2091 Unused Serialized files (Serialized files now loaded: 0)
Unloading 29 unused Assets / (1.6 MB). Loaded Objects now: 2661.
Memory consumption went from 103.0 MB to 101.3 MB.
Total: 5.746300 ms (FindLiveObjects: 0.284300 ms CreateObjectMapping: 0.227800 ms MarkObjects: 4.081400 ms  DeleteObjects: 1.151100 ms)

AssetImportParameters requested are different than current active one (requested -> active):
  custom:video-decoder-ogg-theora: a1e56fd34408186e4bbccfd4996cb3dc -> 
  custom:container-muxer-webm: aa71ff27fc2769a1b78a27578f13a17b -> 
  custom:container-demuxer-webm: 4f35f7cbe854078d1ac9338744f61a02 -> 
  custom:video-encoder-webm-vp8: eb34c28f22e8b96e1ab97ce403110664 -> 
  custom:video-codec-MediaFoundation-h265: 746d11721c4dcdbdad8f713fa42b33f4 -> 
  custom:audio-encoder-webm-vorbis: bf7c407c2cedff20999df2af8eb42d56 -> 
  custom:framework-win-MediaFoundation: 216162199b28c13a410421893ffa2e32 -> 
  custom:container-demuxer-ogg: 62fdf1f143b41e24485cea50d1cbac27 -> 
  custom:video-decoder-webm-vp8: 9c59270c3fd7afecdb556c50c9e8de78 -> 
  custom:audio-decoder-ogg-vorbis: bf7c407c2cedff20999df2af8eb42d56 -> 
========================================================================
Received Import Request.
  Time since last request: 12.738039 seconds.
  path: Assets/Game/Scenario/Armario_delivery
  artifactKey: Guid(74423e4f5a8e82648a547a2e51000fc9) Importer(815301076,1909f56bfc062723c751e8b465ee728b)
Start importing Assets/Game/Scenario/Armario_delivery using Guid(74423e4f5a8e82648a547a2e51000fc9) Importer(815301076,1909f56bfc062723c751e8b465ee728b)  -> (artifact id: '0862b404a5ebd5fa046db5249dce888f') in 0.009601 seconds 
========================================================================
Received Prepare
Registering precompiled user dll's ...
Registered in 0.001887 seconds.
Begin MonoManager ReloadAssembly
Native extension for WindowsStandalone target not found
Native extension for Android target not found
Refreshing native plugins compatible for Editor in 0.61 ms, found 2 plugins.
Preloading 0 native plugins for Editor in 0.00 ms.
Warning: Annotation not found!
0x00007ff7535ebe5d (Unity) StackWalker::GetCurrentCallstack
0x00007ff7535f2a19 (Unity) StackWalker::ShowCallstack
0x00007ff754579d93 (Unity) GetStacktrace
0x00007ff754c2869d (Unity) DebugStringToFile
0x00007ff753f85e21 (Unity) AnnotationManager::SetIconEnabled
0x00007ff752b859c0 (Unity) AnnotationUtility_CUSTOM_SetIconEnabled
0x00000240bab5f228 (Mono JIT Code) (wrapper managed-to-native) UnityEditor.AnnotationUtility:SetIconEnabled (int,string,int)
0x00000240b7d583b3 (Mono JIT Code) [EditorUtility.cs:586] UnityEditor.ProBuilder.EditorUtility:SetGizmoIconEnabled (System.Type,bool) 
0x00000240b7d57c7b (Mono JIT Code) [HierarchyListener.cs:25] UnityEditor.ProBuilder.HierarchyListener:.cctor () 
0x00000240b7d55f9d (Mono JIT Code) (wrapper runtime-invoke) object:runtime_invoke_void (object,intptr,intptr,intptr)
0x00007ffad0c4feb4 (mono-2.0-bdwgc) [mini-runtime.c:3445] mono_jit_runtime_invoke 
0x00007ffad0b8e764 (mono-2.0-bdwgc) [object.c:3066] do_runtime_invoke 
0x00007ffad0b89810 (mono-2.0-bdwgc) [object.c:563] mono_runtime_class_init_full 
0x00007ffad0af6290 (mono-2.0-bdwgc) [icall-def.h:756] ves_icall_System_Runtime_CompilerServices_RuntimeHelpers_RunClassConstructor_raw 
0x00000240babd3fca (Mono JIT Code) (wrapper managed-to-native) System.Runtime.CompilerServices.RuntimeHelpers:RunClassConstructor (intptr)
0x00000240babd3edb (Mono JIT Code) System.Runtime.CompilerServices.RuntimeHelpers:RunClassConstructor (System.RuntimeTypeHandle)
0x00000240babd2eeb (Mono JIT Code) UnityEditor.EditorAssemblies:ProcessInitializeOnLoadAttributes (System.Type[])
0x00000240b7d41ae8 (Mono JIT Code) (wrapper runtime-invoke) <Module>:runtime_invoke_void_object (object,intptr,intptr,intptr)
0x00007ffad0c4feb4 (mono-2.0-bdwgc) [mini-runtime.c:3445] mono_jit_runtime_invoke 
0x00007ffad0b8e764 (mono-2.0-bdwgc) [object.c:3066] do_runtime_invoke 
0x00007ffad0b8e8fc (mono-2.0-bdwgc) [object.c:3113] mono_runtime_invoke 
0x00007ff7535107f4 (Unity) scripting_method_invoke
0x00007ff7534efff4 (Unity) ScriptingInvocation::Invoke
0x00007ff7534eabf5 (Unity) ScriptingInvocation::Invoke<void>
0x00007ff75362d293 (Unity) Scripting::UnityEditor::EditorAssembliesProxy::ProcessInitializeOnLoadAttributes
0x00007ff7534e4e3b (Unity) MonoManager::SetupLoadedEditorAssemblies
0x00007ff7534da92d (Unity) MonoManager::EndReloadAssembly
0x00007ff7534e24b8 (Unity) MonoManager::ReloadAssembly
0x00007ff754434532 (Unity) LoadDomainAndUserAssemblies
0x00007ff754434c64 (Unity) LoadUserAssemblies
0x00007ff75492ae5f (Unity) <lambda_9de660459e8618354eb514546334764f>::operator()
0x00007ff75496bd12 (Unity) asio::detail::completion_handler<core::mutable_function<void __cdecl(void)>,asio::io_context::basic_executor_type<std::allocator<void>,0> >::do_complete
0x00007ff754957bfe (Unity) asio::detail::win_iocp_io_context::do_one
0x00007ff754959864 (Unity) asio::detail::win_iocp_io_context::run
0x00007ff75496a0fe (Unity) IOService::Run
0x00007ff75493c80f (Unity) AssetImportWorkerClient::Run
0x00007ff754904e03 (Unity) RunAssetImportWorkerClientV2
0x00007ff754904e8b (Unity) RunAssetImporterV2
0x00007ff75411ebf8 (Unity) Application::InitializeProject
0x00007ff7545844f8 (Unity) WinMain
0x00007ff75594d0ee (Unity) __scrt_common_main_seh
0x00007ffbafe3257d (KERNEL32) BaseThreadInitThunk
0x00007ffbb1f2aa58 (ntdll) RtlUserThreadStart

Mono: successfully reloaded assembly
- Completed reload, in  1.605 seconds
Domain Reload Profiling:
	ReloadAssembly (1605ms)
		BeginReloadAssembly (181ms)
			ExecutionOrderSort (0ms)
			DisableScriptedObjects (6ms)
			BackupInstance (0ms)
			ReleaseScriptingObjects (0ms)
			CreateAndSetChildDomain (37ms)
		EndReloadAssembly (1309ms)
			LoadAssemblies (115ms)
			RebuildTransferFunctionScriptingTraits (0ms)
			SetupTypeCache (211ms)
			ReleaseScriptCaches (1ms)
			RebuildScriptCaches (47ms)
			SetupLoadedEditorAssemblies (917ms)
				LogAssemblyErrors (0ms)
				InitializePlatformSupportModulesInManaged (19ms)
				SetLoadedEditorAssemblies (1ms)
				RefreshPlugins (1ms)
				BeforeProcessingInitializeOnLoad (76ms)
				ProcessInitializeOnLoadAttributes (788ms)
				ProcessInitializeOnLoadMethodAttributes (26ms)
				AfterProcessingInitializeOnLoad (6ms)
				EditorAssembliesLoaded (0ms)
			ExecutionOrderSort2 (0ms)
			AwakeInstancesAfterBackupRestoration (9ms)
Platform modules already initialized, skipping
Refreshing native plugins compatible for Editor in 1.19 ms, found 2 plugins.
Preloading 0 native plugins for Editor in 0.00 ms.
Unloading 2062 Unused Serialized files (Serialized files now loaded: 0)
Unloading 32 unused Assets / (1.6 MB). Loaded Objects now: 2661.
Memory consumption went from 102.4 MB to 100.8 MB.
Total: 3.393600 ms (FindLiveObjects: 0.194100 ms CreateObjectMapping: 0.104600 ms MarkObjects: 2.787700 ms  DeleteObjects: 0.306300 ms)

AssetImportParameters requested are different than current active one (requested -> active):
  custom:video-decoder-ogg-theora: a1e56fd34408186e4bbccfd4996cb3dc -> 
  custom:container-muxer-webm: aa71ff27fc2769a1b78a27578f13a17b -> 
  custom:container-demuxer-webm: 4f35f7cbe854078d1ac9338744f61a02 -> 
  custom:video-encoder-webm-vp8: eb34c28f22e8b96e1ab97ce403110664 -> 
  custom:video-codec-MediaFoundation-h265: 746d11721c4dcdbdad8f713fa42b33f4 -> 
  custom:audio-encoder-webm-vorbis: bf7c407c2cedff20999df2af8eb42d56 -> 
  custom:framework-win-MediaFoundation: 216162199b28c13a410421893ffa2e32 -> 
  custom:container-demuxer-ogg: 62fdf1f143b41e24485cea50d1cbac27 -> 
  custom:video-decoder-webm-vp8: 9c59270c3fd7afecdb556c50c9e8de78 -> 
  custom:audio-decoder-ogg-vorbis: bf7c407c2cedff20999df2af8eb42d56 -> 
========================================================================
Received Prepare
Registering precompiled user dll's ...
Registered in 0.002486 seconds.
Begin MonoManager ReloadAssembly
Native extension for WindowsStandalone target not found
Native extension for Android target not found
Refreshing native plugins compatible for Editor in 0.58 ms, found 2 plugins.
Preloading 0 native plugins for Editor in 0.00 ms.
Warning: Annotation not found!
0x00007ff7535ebe5d (Unity) StackWalker::GetCurrentCallstack
0x00007ff7535f2a19 (Unity) StackWalker::ShowCallstack
0x00007ff754579d93 (Unity) GetStacktrace
0x00007ff754c2869d (Unity) DebugStringToFile
0x00007ff753f85e21 (Unity) AnnotationManager::SetIconEnabled
0x00007ff752b859c0 (Unity) AnnotationUtility_CUSTOM_SetIconEnabled
0x00000240bab6c648 (Mono JIT Code) (wrapper managed-to-native) UnityEditor.AnnotationUtility:SetIconEnabled (int,string,int)
0x00000240b915e803 (Mono JIT Code) [EditorUtility.cs:586] UnityEditor.ProBuilder.EditorUtility:SetGizmoIconEnabled (System.Type,bool) 
0x00000240b915e23b (Mono JIT Code) [HierarchyListener.cs:25] UnityEditor.ProBuilder.HierarchyListener:.cctor () 
0x00000240b915d3ed (Mono JIT Code) (wrapper runtime-invoke) object:runtime_invoke_void (object,intptr,intptr,intptr)
0x00007ffad0c4feb4 (mono-2.0-bdwgc) [mini-runtime.c:3445] mono_jit_runtime_invoke 
0x00007ffad0b8e764 (mono-2.0-bdwgc) [object.c:3066] do_runtime_invoke 
0x00007ffad0b89810 (mono-2.0-bdwgc) [object.c:563] mono_runtime_class_init_full 
0x00007ffad0af6290 (mono-2.0-bdwgc) [icall-def.h:756] ves_icall_System_Runtime_CompilerServices_RuntimeHelpers_RunClassConstructor_raw 
0x00000240bbe63fca (Mono JIT Code) (wrapper managed-to-native) System.Runtime.CompilerServices.RuntimeHelpers:RunClassConstructor (intptr)
0x00000240bbe63edb (Mono JIT Code) System.Runtime.CompilerServices.RuntimeHelpers:RunClassConstructor (System.RuntimeTypeHandle)
0x00000240bbe62eeb (Mono JIT Code) UnityEditor.EditorAssemblies:ProcessInitializeOnLoadAttributes (System.Type[])
0x00000240b7c51ae8 (Mono JIT Code) (wrapper runtime-invoke) <Module>:runtime_invoke_void_object (object,intptr,intptr,intptr)
0x00007ffad0c4feb4 (mono-2.0-bdwgc) [mini-runtime.c:3445] mono_jit_runtime_invoke 
0x00007ffad0b8e764 (mono-2.0-bdwgc) [object.c:3066] do_runtime_invoke 
0x00007ffad0b8e8fc (mono-2.0-bdwgc) [object.c:3113] mono_runtime_invoke 
0x00007ff7535107f4 (Unity) scripting_method_invoke
0x00007ff7534efff4 (Unity) ScriptingInvocation::Invoke
0x00007ff7534eabf5 (Unity) ScriptingInvocation::Invoke<void>
0x00007ff75362d293 (Unity) Scripting::UnityEditor::EditorAssembliesProxy::ProcessInitializeOnLoadAttributes
0x00007ff7534e4e3b (Unity) MonoManager::SetupLoadedEditorAssemblies
0x00007ff7534da92d (Unity) MonoManager::EndReloadAssembly
0x00007ff7534e24b8 (Unity) MonoManager::ReloadAssembly
0x00007ff754434532 (Unity) LoadDomainAndUserAssemblies
0x00007ff754434c64 (Unity) LoadUserAssemblies
0x00007ff75492ae5f (Unity) <lambda_9de660459e8618354eb514546334764f>::operator()
0x00007ff75496bd12 (Unity) asio::detail::completion_handler<core::mutable_function<void __cdecl(void)>,asio::io_context::basic_executor_type<std::allocator<void>,0> >::do_complete
0x00007ff754957bfe (Unity) asio::detail::win_iocp_io_context::do_one
0x00007ff754959864 (Unity) asio::detail::win_iocp_io_context::run
0x00007ff75496a0fe (Unity) IOService::Run
0x00007ff75493c80f (Unity) AssetImportWorkerClient::Run
0x00007ff754904e03 (Unity) RunAssetImportWorkerClientV2
0x00007ff754904e8b (Unity) RunAssetImporterV2
0x00007ff75411ebf8 (Unity) Application::InitializeProject
0x00007ff7545844f8 (Unity) WinMain
0x00007ff75594d0ee (Unity) __scrt_common_main_seh
0x00007ffbafe3257d (KERNEL32) BaseThreadInitThunk
0x00007ffbb1f2aa58 (ntdll) RtlUserThreadStart

Mono: successfully reloaded assembly
- Completed reload, in  1.950 seconds
Domain Reload Profiling:
	ReloadAssembly (1951ms)
		BeginReloadAssembly (162ms)
			ExecutionOrderSort (0ms)
			DisableScriptedObjects (6ms)
			BackupInstance (0ms)
			ReleaseScriptingObjects (0ms)
			CreateAndSetChildDomain (43ms)
		EndReloadAssembly (1680ms)
			LoadAssemblies (94ms)
			RebuildTransferFunctionScriptingTraits (0ms)
			SetupTypeCache (212ms)
			ReleaseScriptCaches (1ms)
			RebuildScriptCaches (45ms)
			SetupLoadedEditorAssemblies (1187ms)
				LogAssemblyErrors (0ms)
				InitializePlatformSupportModulesInManaged (19ms)
				SetLoadedEditorAssemblies (0ms)
				RefreshPlugins (1ms)
				BeforeProcessingInitializeOnLoad (171ms)
				ProcessInitializeOnLoadAttributes (948ms)
				ProcessInitializeOnLoadMethodAttributes (33ms)
				AfterProcessingInitializeOnLoad (14ms)
				EditorAssembliesLoaded (0ms)
			ExecutionOrderSort2 (0ms)
			AwakeInstancesAfterBackupRestoration (41ms)
Platform modules already initialized, skipping
Refreshing native plugins compatible for Editor in 1.49 ms, found 2 plugins.
Preloading 0 native plugins for Editor in 0.00 ms.
Unloading 2064 Unused Serialized files (Serialized files now loaded: 0)
Unloading 29 unused Assets / (1.6 MB). Loaded Objects now: 2666.
Memory consumption went from 102.5 MB to 100.8 MB.
Total: 4.238400 ms (FindLiveObjects: 0.241400 ms CreateObjectMapping: 0.150300 ms MarkObjects: 3.481000 ms  DeleteObjects: 0.364700 ms)

AssetImportParameters requested are different than current active one (requested -> active):
  custom:video-decoder-ogg-theora: a1e56fd34408186e4bbccfd4996cb3dc -> 
  custom:container-muxer-webm: aa71ff27fc2769a1b78a27578f13a17b -> 
  custom:container-demuxer-webm: 4f35f7cbe854078d1ac9338744f61a02 -> 
  custom:video-encoder-webm-vp8: eb34c28f22e8b96e1ab97ce403110664 -> 
  custom:video-codec-MediaFoundation-h265: 746d11721c4dcdbdad8f713fa42b33f4 -> 
  custom:audio-encoder-webm-vorbis: bf7c407c2cedff20999df2af8eb42d56 -> 
  custom:framework-win-MediaFoundation: 216162199b28c13a410421893ffa2e32 -> 
  custom:container-demuxer-ogg: 62fdf1f143b41e24485cea50d1cbac27 -> 
  custom:video-decoder-webm-vp8: 9c59270c3fd7afecdb556c50c9e8de78 -> 
  custom:audio-decoder-ogg-vorbis: bf7c407c2cedff20999df2af8eb42d56 -> 
========================================================================
Received Prepare
Registering precompiled user dll's ...
Registered in 0.002740 seconds.
Begin MonoManager ReloadAssembly
Native extension for WindowsStandalone target not found
Native extension for Android target not found
Refreshing native plugins compatible for Editor in 0.45 ms, found 2 plugins.
Preloading 0 native plugins for Editor in 0.00 ms.
Mono: successfully reloaded assembly
- Completed reload, in  1.084 seconds
Domain Reload Profiling:
	ReloadAssembly (1084ms)
		BeginReloadAssembly (155ms)
			ExecutionOrderSort (0ms)
			DisableScriptedObjects (6ms)
			BackupInstance (0ms)
			ReleaseScriptingObjects (0ms)
			CreateAndSetChildDomain (36ms)
		EndReloadAssembly (819ms)
			LoadAssemblies (91ms)
			RebuildTransferFunctionScriptingTraits (0ms)
			SetupTypeCache (210ms)
			ReleaseScriptCaches (1ms)
			RebuildScriptCaches (46ms)
			SetupLoadedEditorAssemblies (426ms)
				LogAssemblyErrors (0ms)
				InitializePlatformSupportModulesInManaged (19ms)
				SetLoadedEditorAssemblies (0ms)
				RefreshPlugins (1ms)
				BeforeProcessingInitializeOnLoad (45ms)
				ProcessInitializeOnLoadAttributes (322ms)
				ProcessInitializeOnLoadMethodAttributes (33ms)
				AfterProcessingInitializeOnLoad (6ms)
				EditorAssembliesLoaded (0ms)
			ExecutionOrderSort2 (0ms)
			AwakeInstancesAfterBackupRestoration (10ms)
Platform modules already initialized, skipping
Refreshing native plugins compatible for Editor in 1.52 ms, found 2 plugins.
Preloading 0 native plugins for Editor in 0.00 ms.
Unloading 1695 Unused Serialized files (Serialized files now loaded: 0)
Unloading 196 unused Assets / (1.6 MB). Loaded Objects now: 2501.
Memory consumption went from 94.6 MB to 93.0 MB.
Total: 2.932800 ms (FindLiveObjects: 0.173100 ms CreateObjectMapping: 0.088700 ms MarkObjects: 2.391800 ms  DeleteObjects: 0.278400 ms)

AssetImportParameters requested are different than current active one (requested -> active):
  custom:video-decoder-ogg-theora: a1e56fd34408186e4bbccfd4996cb3dc -> 
  custom:container-muxer-webm: aa71ff27fc2769a1b78a27578f13a17b -> 
  custom:container-demuxer-webm: 4f35f7cbe854078d1ac9338744f61a02 -> 
  custom:video-encoder-webm-vp8: eb34c28f22e8b96e1ab97ce403110664 -> 
  custom:video-codec-MediaFoundation-h265: 746d11721c4dcdbdad8f713fa42b33f4 -> 
  custom:audio-encoder-webm-vorbis: bf7c407c2cedff20999df2af8eb42d56 -> 
  custom:framework-win-MediaFoundation: 216162199b28c13a410421893ffa2e32 -> 
  custom:container-demuxer-ogg: 62fdf1f143b41e24485cea50d1cbac27 -> 
  custom:video-decoder-webm-vp8: 9c59270c3fd7afecdb556c50c9e8de78 -> 
  custom:audio-decoder-ogg-vorbis: bf7c407c2cedff20999df2af8eb42d56 -> 
========================================================================
Received Prepare
Registering precompiled user dll's ...
Registered in 0.002416 seconds.
Begin MonoManager ReloadAssembly
Native extension for WindowsStandalone target not found
Native extension for Android target not found
Refreshing native plugins compatible for Editor in 0.54 ms, found 2 plugins.
Preloading 0 native plugins for Editor in 0.00 ms.
Mono: successfully reloaded assembly
- Completed reload, in  1.329 seconds
Domain Reload Profiling:
	ReloadAssembly (1330ms)
		BeginReloadAssembly (163ms)
			ExecutionOrderSort (0ms)
			DisableScriptedObjects (8ms)
			BackupInstance (0ms)
			ReleaseScriptingObjects (0ms)
			CreateAndSetChildDomain (35ms)
		EndReloadAssembly (1067ms)
			LoadAssemblies (104ms)
			RebuildTransferFunctionScriptingTraits (0ms)
			SetupTypeCache (212ms)
			ReleaseScriptCaches (1ms)
			RebuildScriptCaches (42ms)
			SetupLoadedEditorAssemblies (673ms)
				LogAssemblyErrors (0ms)
				InitializePlatformSupportModulesInManaged (26ms)
				SetLoadedEditorAssemblies (1ms)
				RefreshPlugins (1ms)
				BeforeProcessingInitializeOnLoad (66ms)
				ProcessInitializeOnLoadAttributes (541ms)
				ProcessInitializeOnLoadMethodAttributes (29ms)
				AfterProcessingInitializeOnLoad (10ms)
				EditorAssembliesLoaded (0ms)
			ExecutionOrderSort2 (0ms)
			AwakeInstancesAfterBackupRestoration (16ms)
Platform modules already initialized, skipping
Refreshing native plugins compatible for Editor in 1.12 ms, found 2 plugins.
Preloading 0 native plugins for Editor in 0.00 ms.
Unloading 1589 Unused Serialized files (Serialized files now loaded: 0)
Unloading 74 unused Assets / (317.7 KB). Loaded Objects now: 2447.
Memory consumption went from 87.7 MB to 87.3 MB.
Total: 5.831500 ms (FindLiveObjects: 0.356900 ms CreateObjectMapping: 0.286500 ms MarkObjects: 5.085900 ms  DeleteObjects: 0.100900 ms)

AssetImportParameters requested are different than current active one (requested -> active):
  custom:video-decoder-ogg-theora: a1e56fd34408186e4bbccfd4996cb3dc -> 
  custom:container-muxer-webm: aa71ff27fc2769a1b78a27578f13a17b -> 
  custom:container-demuxer-webm: 4f35f7cbe854078d1ac9338744f61a02 -> 
  custom:video-encoder-webm-vp8: eb34c28f22e8b96e1ab97ce403110664 -> 
  custom:video-codec-MediaFoundation-h265: 746d11721c4dcdbdad8f713fa42b33f4 -> 
  custom:audio-encoder-webm-vorbis: bf7c407c2cedff20999df2af8eb42d56 -> 
  custom:framework-win-MediaFoundation: 216162199b28c13a410421893ffa2e32 -> 
  custom:container-demuxer-ogg: 62fdf1f143b41e24485cea50d1cbac27 -> 
  custom:video-decoder-webm-vp8: 9c59270c3fd7afecdb556c50c9e8de78 -> 
  custom:audio-decoder-ogg-vorbis: bf7c407c2cedff20999df2af8eb42d56 -> 
========================================================================
Received Prepare
Registering precompiled user dll's ...
Registered in 0.002673 seconds.
Begin MonoManager ReloadAssembly
Native extension for WindowsStandalone target not found
Native extension for Android target not found
Refreshing native plugins compatible for Editor in 0.44 ms, found 2 plugins.
Preloading 0 native plugins for Editor in 0.00 ms.
Mono: successfully reloaded assembly
- Completed reload, in  1.362 seconds
Domain Reload Profiling:
	ReloadAssembly (1363ms)
		BeginReloadAssembly (149ms)
			ExecutionOrderSort (0ms)
			DisableScriptedObjects (6ms)
			BackupInstance (0ms)
			ReleaseScriptingObjects (0ms)
			CreateAndSetChildDomain (38ms)
		EndReloadAssembly (1081ms)
			LoadAssemblies (90ms)
			RebuildTransferFunctionScriptingTraits (0ms)
			SetupTypeCache (188ms)
			ReleaseScriptCaches (1ms)
			RebuildScriptCaches (42ms)
			SetupLoadedEditorAssemblies (521ms)
				LogAssemblyErrors (0ms)
				InitializePlatformSupportModulesInManaged (21ms)
				SetLoadedEditorAssemblies (1ms)
				RefreshPlugins (1ms)
				BeforeProcessingInitializeOnLoad (40ms)
				ProcessInitializeOnLoadAttributes (413ms)
				ProcessInitializeOnLoadMethodAttributes (38ms)
				AfterProcessingInitializeOnLoad (9ms)
				EditorAssembliesLoaded (0ms)
			ExecutionOrderSort2 (0ms)
			AwakeInstancesAfterBackupRestoration (18ms)
Platform modules already initialized, skipping
Refreshing native plugins compatible for Editor in 1.18 ms, found 2 plugins.
Preloading 0 native plugins for Editor in 0.00 ms.
Unloading 1244 Unused Serialized files (Serialized files now loaded: 0)
Unloading 89 unused Assets / (317.6 KB). Loaded Objects now: 2378.
Memory consumption went from 80.2 MB to 79.9 MB.
Total: 4.369900 ms (FindLiveObjects: 0.251300 ms CreateObjectMapping: 0.179200 ms MarkObjects: 3.848200 ms  DeleteObjects: 0.089800 ms)

AssetImportParameters requested are different than current active one (requested -> active):
  custom:video-decoder-ogg-theora: a1e56fd34408186e4bbccfd4996cb3dc -> 
  custom:container-muxer-webm: aa71ff27fc2769a1b78a27578f13a17b -> 
  custom:container-demuxer-webm: 4f35f7cbe854078d1ac9338744f61a02 -> 
  custom:video-encoder-webm-vp8: eb34c28f22e8b96e1ab97ce403110664 -> 
  custom:video-codec-MediaFoundation-h265: 746d11721c4dcdbdad8f713fa42b33f4 -> 
  custom:audio-encoder-webm-vorbis: bf7c407c2cedff20999df2af8eb42d56 -> 
  custom:framework-win-MediaFoundation: 216162199b28c13a410421893ffa2e32 -> 
  custom:container-demuxer-ogg: 62fdf1f143b41e24485cea50d1cbac27 -> 
  custom:video-decoder-webm-vp8: 9c59270c3fd7afecdb556c50c9e8de78 -> 
  custom:audio-decoder-ogg-vorbis: bf7c407c2cedff20999df2af8eb42d56 -> 
========================================================================
Received Prepare
Registering precompiled user dll's ...
Registered in 0.001075 seconds.
Begin MonoManager ReloadAssembly
Native extension for WindowsStandalone target not found
Native extension for Android target not found
Refreshing native plugins compatible for Editor in 0.31 ms, found 0 plugins.
Preloading 0 native plugins for Editor in 0.00 ms.
Mono: successfully reloaded assembly
- Completed reload, in  1.372 seconds
Domain Reload Profiling:
	ReloadAssembly (1373ms)
		BeginReloadAssembly (172ms)
			ExecutionOrderSort (0ms)
			DisableScriptedObjects (6ms)
			BackupInstance (0ms)
			ReleaseScriptingObjects (0ms)
			CreateAndSetChildDomain (49ms)
		EndReloadAssembly (1073ms)
			LoadAssemblies (96ms)
			RebuildTransferFunctionScriptingTraits (0ms)
			SetupTypeCache (160ms)
			ReleaseScriptCaches (1ms)
			RebuildScriptCaches (36ms)
			SetupLoadedEditorAssemblies (651ms)
				LogAssemblyErrors (0ms)
				InitializePlatformSupportModulesInManaged (19ms)
				SetLoadedEditorAssemblies (0ms)
				RefreshPlugins (0ms)
				BeforeProcessingInitializeOnLoad (43ms)
				ProcessInitializeOnLoadAttributes (503ms)
				ProcessInitializeOnLoadMethodAttributes (55ms)
				AfterProcessingInitializeOnLoad (31ms)
				EditorAssembliesLoaded (0ms)
			ExecutionOrderSort2 (0ms)
			AwakeInstancesAfterBackupRestoration (32ms)
Platform modules already initialized, skipping
Refreshing native plugins compatible for Editor in 0.65 ms, found 0 plugins.
Preloading 0 native plugins for Editor in 0.00 ms.
Unloading 942 Unused Serialized files (Serialized files now loaded: 0)
Unloading 9 unused Assets / (318.0 KB). Loaded Objects now: 2382.
Memory consumption went from 73.1 MB to 72.8 MB.
Total: 4.806600 ms (FindLiveObjects: 0.220400 ms CreateObjectMapping: 0.119900 ms MarkObjects: 4.401800 ms  DeleteObjects: 0.063500 ms)

AssetImportParameters requested are different than current active one (requested -> active):
  custom:video-decoder-ogg-theora: a1e56fd34408186e4bbccfd4996cb3dc -> 
  custom:container-muxer-webm: aa71ff27fc2769a1b78a27578f13a17b -> 
  custom:container-demuxer-webm: 4f35f7cbe854078d1ac9338744f61a02 -> 
  custom:video-encoder-webm-vp8: eb34c28f22e8b96e1ab97ce403110664 -> 
  custom:video-codec-MediaFoundation-h265: 746d11721c4dcdbdad8f713fa42b33f4 -> 
  custom:audio-encoder-webm-vorbis: bf7c407c2cedff20999df2af8eb42d56 -> 
  custom:framework-win-MediaFoundation: 216162199b28c13a410421893ffa2e32 -> 
  custom:container-demuxer-ogg: 62fdf1f143b41e24485cea50d1cbac27 -> 
  custom:video-decoder-webm-vp8: 9c59270c3fd7afecdb556c50c9e8de78 -> 
  custom:audio-decoder-ogg-vorbis: bf7c407c2cedff20999df2af8eb42d56 -> 
========================================================================
Received Prepare
Registering precompiled user dll's ...
Registered in 0.001545 seconds.
Begin MonoManager ReloadAssembly
Native extension for WindowsStandalone target not found
Native extension for Android target not found
Refreshing native plugins compatible for Editor in 0.50 ms, found 0 plugins.
Preloading 0 native plugins for Editor in 0.00 ms.
Mono: successfully reloaded assembly
- Completed reload, in  1.131 seconds
Domain Reload Profiling:
	ReloadAssembly (1132ms)
		BeginReloadAssembly (141ms)
			ExecutionOrderSort (0ms)
			DisableScriptedObjects (6ms)
			BackupInstance (0ms)
			ReleaseScriptingObjects (0ms)
			CreateAndSetChildDomain (27ms)
		EndReloadAssembly (880ms)
			LoadAssemblies (82ms)
			RebuildTransferFunctionScriptingTraits (0ms)
			SetupTypeCache (161ms)
			ReleaseScriptCaches (1ms)
			RebuildScriptCaches (37ms)
			SetupLoadedEditorAssemblies (514ms)
				LogAssemblyErrors (0ms)
				InitializePlatformSupportModulesInManaged (22ms)
				SetLoadedEditorAssemblies (1ms)
				RefreshPlugins (1ms)
				BeforeProcessingInitializeOnLoad (42ms)
				ProcessInitializeOnLoadAttributes (385ms)
				ProcessInitializeOnLoadMethodAttributes (56ms)
				AfterProcessingInitializeOnLoad (7ms)
				EditorAssembliesLoaded (0ms)
			ExecutionOrderSort2 (0ms)
			AwakeInstancesAfterBackupRestoration (16ms)
Platform modules already initialized, skipping
Refreshing native plugins compatible for Editor in 0.53 ms, found 0 plugins.
Preloading 0 native plugins for Editor in 0.00 ms.
Unloading 934 Unused Serialized files (Serialized files now loaded: 0)
Unloading 9 unused Assets / (317.9 KB). Loaded Objects now: 2386.
Memory consumption went from 73.1 MB to 72.7 MB.
Total: 3.511200 ms (FindLiveObjects: 0.305600 ms CreateObjectMapping: 0.150400 ms MarkObjects: 2.990600 ms  DeleteObjects: 0.062500 ms)

AssetImportParameters requested are different than current active one (requested -> active):
  custom:video-decoder-ogg-theora: a1e56fd34408186e4bbccfd4996cb3dc -> 
  custom:container-muxer-webm: aa71ff27fc2769a1b78a27578f13a17b -> 
  custom:container-demuxer-webm: 4f35f7cbe854078d1ac9338744f61a02 -> 
  custom:video-encoder-webm-vp8: eb34c28f22e8b96e1ab97ce403110664 -> 
  custom:video-codec-MediaFoundation-h265: 746d11721c4dcdbdad8f713fa42b33f4 -> 
  custom:audio-encoder-webm-vorbis: bf7c407c2cedff20999df2af8eb42d56 -> 
  custom:framework-win-MediaFoundation: 216162199b28c13a410421893ffa2e32 -> 
  custom:container-demuxer-ogg: 62fdf1f143b41e24485cea50d1cbac27 -> 
  custom:video-decoder-webm-vp8: 9c59270c3fd7afecdb556c50c9e8de78 -> 
  custom:audio-decoder-ogg-vorbis: bf7c407c2cedff20999df2af8eb42d56 -> 
========================================================================
Received Prepare
Registering precompiled user dll's ...
Registered in 0.001033 seconds.
Begin MonoManager ReloadAssembly
Native extension for WindowsStandalone target not found
Native extension for Android target not found
Refreshing native plugins compatible for Editor in 0.27 ms, found 0 plugins.
Preloading 0 native plugins for Editor in 0.00 ms.
Mono: successfully reloaded assembly
- Completed reload, in  1.070 seconds
Domain Reload Profiling:
	ReloadAssembly (1072ms)
		BeginReloadAssembly (143ms)
			ExecutionOrderSort (0ms)
			DisableScriptedObjects (7ms)
			BackupInstance (0ms)
			ReleaseScriptingObjects (0ms)
			CreateAndSetChildDomain (31ms)
		EndReloadAssembly (819ms)
			LoadAssemblies (90ms)
			RebuildTransferFunctionScriptingTraits (0ms)
			SetupTypeCache (148ms)
			ReleaseScriptCaches (1ms)
			RebuildScriptCaches (34ms)
			SetupLoadedEditorAssemblies (457ms)
				LogAssemblyErrors (0ms)
				InitializePlatformSupportModulesInManaged (19ms)
				SetLoadedEditorAssemblies (0ms)
				RefreshPlugins (0ms)
				BeforeProcessingInitializeOnLoad (41ms)
				ProcessInitializeOnLoadAttributes (344ms)
				ProcessInitializeOnLoadMethodAttributes (44ms)
				AfterProcessingInitializeOnLoad (8ms)
				EditorAssembliesLoaded (0ms)
			ExecutionOrderSort2 (0ms)
			AwakeInstancesAfterBackupRestoration (30ms)
Platform modules already initialized, skipping
Refreshing native plugins compatible for Editor in 0.45 ms, found 0 plugins.
Preloading 0 native plugins for Editor in 0.00 ms.
Unloading 619 Unused Serialized files (Serialized files now loaded: 0)
Unloading 119 unused Assets / (318.0 KB). Loaded Objects now: 2276.
Memory consumption went from 66.7 MB to 66.4 MB.
Total: 2.807000 ms (FindLiveObjects: 0.191700 ms CreateObjectMapping: 0.088900 ms MarkObjects: 2.414200 ms  DeleteObjects: 0.111100 ms)

AssetImportParameters requested are different than current active one (requested -> active):
  custom:video-decoder-ogg-theora: a1e56fd34408186e4bbccfd4996cb3dc -> 
  custom:container-muxer-webm: aa71ff27fc2769a1b78a27578f13a17b -> 
  custom:container-demuxer-webm: 4f35f7cbe854078d1ac9338744f61a02 -> 
  custom:video-encoder-webm-vp8: eb34c28f22e8b96e1ab97ce403110664 -> 
  custom:video-codec-MediaFoundation-h265: 746d11721c4dcdbdad8f713fa42b33f4 -> 
  custom:audio-encoder-webm-vorbis: bf7c407c2cedff20999df2af8eb42d56 -> 
  custom:framework-win-MediaFoundation: 216162199b28c13a410421893ffa2e32 -> 
  custom:container-demuxer-ogg: 62fdf1f143b41e24485cea50d1cbac27 -> 
  custom:video-decoder-webm-vp8: 9c59270c3fd7afecdb556c50c9e8de78 -> 
  custom:audio-decoder-ogg-vorbis: bf7c407c2cedff20999df2af8eb42d56 -> 
========================================================================
Received Import Request.
  Time since last request: 474.622779 seconds.
  path: Assets/Game/Scenario
  artifactKey: Guid(65d2efeb05d4bd94ea66bad71609c3e2) Importer(815301076,1909f56bfc062723c751e8b465ee728b)
Start importing Assets/Game/Scenario using Guid(65d2efeb05d4bd94ea66bad71609c3e2) Importer(815301076,1909f56bfc062723c751e8b465ee728b)  -> (artifact id: 'ed04ca2b9c0c143f3a365b4fe01e677e') in 0.013088 seconds 
========================================================================
Received Import Request.
  Time since last request: 1.102045 seconds.
  path: Assets/Game/Shared/Materials
  artifactKey: Guid(c69636baab574cd4c87888336cda5b86) Importer(815301076,1909f56bfc062723c751e8b465ee728b)
Start importing Assets/Game/Shared/Materials using Guid(c69636baab574cd4c87888336cda5b86) Importer(815301076,1909f56bfc062723c751e8b465ee728b)  -> (artifact id: 'e90cd5dfa96085058d79d80aac3d6ae4') in 0.009956 seconds 
========================================================================
Received Import Request.
  Time since last request: 0.170355 seconds.
  path: Assets/Game/Shared/Prefabs
  artifactKey: Guid(7d4bb21d99f43e94a80db113c185a3a5) Importer(815301076,1909f56bfc062723c751e8b465ee728b)
Start importing Assets/Game/Shared/Prefabs using Guid(7d4bb21d99f43e94a80db113c185a3a5) Importer(815301076,1909f56bfc062723c751e8b465ee728b)  -> (artifact id: '74e478b8ac30b07464286e6061085abe') in 0.010384 seconds 
========================================================================
Received Import Request.
  Time since last request: 0.285756 seconds.
  path: Assets/Game/Shared/Scripts
  artifactKey: Guid(df054624b6e891442bff12e0104b487b) Importer(815301076,1909f56bfc062723c751e8b465ee728b)
Start importing Assets/Game/Shared/Scripts using Guid(df054624b6e891442bff12e0104b487b) Importer(815301076,1909f56bfc062723c751e8b465ee728b)  -> (artifact id: '334270faf25d17c37aeef8ad8c48ceb2') in 0.009649 seconds 
========================================================================
Received Import Request.
  Time since last request: 7.584859 seconds.
  path: Assets/Game/Target/Prefabs
  artifactKey: Guid(f76c50b98451b7243a254c599460f9e6) Importer(815301076,1909f56bfc062723c751e8b465ee728b)
Start importing Assets/Game/Target/Prefabs using Guid(f76c50b98451b7243a254c599460f9e6) Importer(815301076,1909f56bfc062723c751e8b465ee728b)  -> (artifact id: '6bd4fd07f1893b37425867e87d0e3cfd') in 0.001628 seconds 
========================================================================
Received Import Request.
  Time since last request: 0.159416 seconds.
  path: Assets/Game/Target/Scripts
  artifactKey: Guid(53bc339137987974dba65d4549c9d847) Importer(815301076,1909f56bfc062723c751e8b465ee728b)
Start importing Assets/Game/Target/Scripts using Guid(53bc339137987974dba65d4549c9d847) Importer(815301076,1909f56bfc062723c751e8b465ee728b)  -> (artifact id: '8ee916554a09989b825f428a162e8b18') in 0.002252 seconds 
========================================================================
Received Import Request.
  Time since last request: 1.246836 seconds.
  path: Assets/Game/Target/Scripts/TargetBehaviour.cs
  artifactKey: Guid(267ec7e86cc350642994a0886fdd867d) Importer(815301076,1909f56bfc062723c751e8b465ee728b)
Start importing Assets/Game/Target/Scripts/TargetBehaviour.cs using Guid(267ec7e86cc350642994a0886fdd867d) Importer(815301076,1909f56bfc062723c751e8b465ee728b)  -> (artifact id: '567e0eea77c48713f5b5b57b386c048b') in 0.006415 seconds 
========================================================================
Received Import Request.
  Time since last request: 0.527718 seconds.
  path: Assets/Game/Target/Scripts/TargetsController.cs
  artifactKey: Guid(48c66ef02774e414c9c2a811d1df008d) Importer(815301076,1909f56bfc062723c751e8b465ee728b)
Start importing Assets/Game/Target/Scripts/TargetsController.cs using Guid(48c66ef02774e414c9c2a811d1df008d) Importer(815301076,1909f56bfc062723c751e8b465ee728b)  -> (artifact id: '3aed5eb90bdc6d7ef8d75ad9eb9ad86c') in 0.006589 seconds 
========================================================================
Received Import Request.
  Time since last request: 2.137549 seconds.
  path: Assets/Game/TargetCamera/Art
  artifactKey: Guid(47a06e8be7c7d8440afcec4d68935e0f) Importer(815301076,1909f56bfc062723c751e8b465ee728b)
Start importing Assets/Game/TargetCamera/Art using Guid(47a06e8be7c7d8440afcec4d68935e0f) Importer(815301076,1909f56bfc062723c751e8b465ee728b)  -> (artifact id: '924a5875dd4cfa94b3655c772546609a') in 0.008014 seconds 
========================================================================
Received Import Request.
  Time since last request: 0.507461 seconds.
  path: Assets/Game/TargetCamera/Art/Materials
  artifactKey: Guid(9ffa51b1aefc506419ee3c6be73e8a66) Importer(815301076,1909f56bfc062723c751e8b465ee728b)
Start importing Assets/Game/TargetCamera/Art/Materials using Guid(9ffa51b1aefc506419ee3c6be73e8a66) Importer(815301076,1909f56bfc062723c751e8b465ee728b)  -> (artifact id: '16f31505603f63fa3131883435cd5e23') in 0.001378 seconds 
========================================================================
Received Import Request.
  Time since last request: 0.999117 seconds.
  path: Assets/Game/TargetCamera/Art/Textures
  artifactKey: Guid(fdf4b7fae8edd584d9a89aa051593db2) Importer(815301076,1909f56bfc062723c751e8b465ee728b)
Start importing Assets/Game/TargetCamera/Art/Textures using Guid(fdf4b7fae8edd584d9a89aa051593db2) Importer(815301076,1909f56bfc062723c751e8b465ee728b)  -> (artifact id: '45b0b925f1ff0b5569876a0252231b58') in 0.010107 seconds 
========================================================================
Received Prepare
Registering precompiled user dll's ...
Registered in 0.002753 seconds.
Begin MonoManager ReloadAssembly
Native extension for WindowsStandalone target not found
Native extension for Android target not found
Refreshing native plugins compatible for Editor in 0.34 ms, found 0 plugins.
Preloading 0 native plugins for Editor in 0.00 ms.
Mono: successfully reloaded assembly
- Completed reload, in  0.964 seconds
Domain Reload Profiling:
	ReloadAssembly (965ms)
		BeginReloadAssembly (160ms)
			ExecutionOrderSort (0ms)
			DisableScriptedObjects (8ms)
			BackupInstance (0ms)
			ReleaseScriptingObjects (0ms)
			CreateAndSetChildDomain (33ms)
		EndReloadAssembly (680ms)
			LoadAssemblies (97ms)
			RebuildTransferFunctionScriptingTraits (0ms)
			SetupTypeCache (166ms)
			ReleaseScriptCaches (0ms)
			RebuildScriptCaches (34ms)
			SetupLoadedEditorAssemblies (353ms)
				LogAssemblyErrors (0ms)
				InitializePlatformSupportModulesInManaged (19ms)
				SetLoadedEditorAssemblies (0ms)
				RefreshPlugins (0ms)
				BeforeProcessingInitializeOnLoad (40ms)
				ProcessInitializeOnLoadAttributes (261ms)
				ProcessInitializeOnLoadMethodAttributes (25ms)
				AfterProcessingInitializeOnLoad (6ms)
				EditorAssembliesLoaded (0ms)
			ExecutionOrderSort2 (0ms)
			AwakeInstancesAfterBackupRestoration (11ms)
Platform modules already initialized, skipping
Refreshing native plugins compatible for Editor in 0.96 ms, found 0 plugins.
Preloading 0 native plugins for Editor in 0.00 ms.
Unloading 632 Unused Serialized files (Serialized files now loaded: 0)
Unloading 14 unused Assets / (318.5 KB). Loaded Objects now: 2295.
Memory consumption went from 65.9 MB to 65.6 MB.
Total: 4.315000 ms (FindLiveObjects: 0.162200 ms CreateObjectMapping: 0.064500 ms MarkObjects: 4.005700 ms  DeleteObjects: 0.081100 ms)

AssetImportParameters requested are different than current active one (requested -> active):
  custom:video-decoder-ogg-theora: a1e56fd34408186e4bbccfd4996cb3dc -> 
  custom:container-muxer-webm: aa71ff27fc2769a1b78a27578f13a17b -> 
  custom:container-demuxer-webm: 4f35f7cbe854078d1ac9338744f61a02 -> 
  custom:video-encoder-webm-vp8: eb34c28f22e8b96e1ab97ce403110664 -> 
  custom:video-codec-MediaFoundation-h265: 746d11721c4dcdbdad8f713fa42b33f4 -> 
  custom:audio-encoder-webm-vorbis: bf7c407c2cedff20999df2af8eb42d56 -> 
  custom:framework-win-MediaFoundation: 216162199b28c13a410421893ffa2e32 -> 
  custom:container-demuxer-ogg: 62fdf1f143b41e24485cea50d1cbac27 -> 
  custom:video-decoder-webm-vp8: 9c59270c3fd7afecdb556c50c9e8de78 -> 
  custom:audio-decoder-ogg-vorbis: bf7c407c2cedff20999df2af8eb42d56 -> 
========================================================================
Received Prepare
Registering precompiled user dll's ...
Registered in 0.002399 seconds.
Begin MonoManager ReloadAssembly
Native extension for WindowsStandalone target not found
Native extension for Android target not found
Refreshing native plugins compatible for Editor in 0.33 ms, found 0 plugins.
Preloading 0 native plugins for Editor in 0.00 ms.
Mono: successfully reloaded assembly
- Completed reload, in  1.001 seconds
Domain Reload Profiling:
	ReloadAssembly (1002ms)
		BeginReloadAssembly (137ms)
			ExecutionOrderSort (0ms)
			DisableScriptedObjects (6ms)
			BackupInstance (0ms)
			ReleaseScriptingObjects (0ms)
			CreateAndSetChildDomain (31ms)
		EndReloadAssembly (754ms)
			LoadAssemblies (77ms)
			RebuildTransferFunctionScriptingTraits (0ms)
			SetupTypeCache (164ms)
			ReleaseScriptCaches (1ms)
			RebuildScriptCaches (52ms)
			SetupLoadedEditorAssemblies (377ms)
				LogAssemblyErrors (0ms)
				InitializePlatformSupportModulesInManaged (22ms)
				SetLoadedEditorAssemblies (0ms)
				RefreshPlugins (0ms)
				BeforeProcessingInitializeOnLoad (42ms)
				ProcessInitializeOnLoadAttributes (281ms)
				ProcessInitializeOnLoadMethodAttributes (25ms)
				AfterProcessingInitializeOnLoad (6ms)
				EditorAssembliesLoaded (0ms)
			ExecutionOrderSort2 (0ms)
			AwakeInstancesAfterBackupRestoration (10ms)
Platform modules already initialized, skipping
Refreshing native plugins compatible for Editor in 1.19 ms, found 0 plugins.
Preloading 0 native plugins for Editor in 0.00 ms.
Unloading 631 Unused Serialized files (Serialized files now loaded: 0)
Unloading 12 unused Assets / (318.3 KB). Loaded Objects now: 2296.
Memory consumption went from 65.8 MB to 65.5 MB.
Total: 3.326100 ms (FindLiveObjects: 0.170200 ms CreateObjectMapping: 0.071100 ms MarkObjects: 2.991700 ms  DeleteObjects: 0.092200 ms)

AssetImportParameters requested are different than current active one (requested -> active):
  custom:video-decoder-ogg-theora: a1e56fd34408186e4bbccfd4996cb3dc -> 
  custom:container-muxer-webm: aa71ff27fc2769a1b78a27578f13a17b -> 
  custom:container-demuxer-webm: 4f35f7cbe854078d1ac9338744f61a02 -> 
  custom:video-encoder-webm-vp8: eb34c28f22e8b96e1ab97ce403110664 -> 
  custom:video-codec-MediaFoundation-h265: 746d11721c4dcdbdad8f713fa42b33f4 -> 
  custom:audio-encoder-webm-vorbis: bf7c407c2cedff20999df2af8eb42d56 -> 
  custom:framework-win-MediaFoundation: 216162199b28c13a410421893ffa2e32 -> 
  custom:container-demuxer-ogg: 62fdf1f143b41e24485cea50d1cbac27 -> 
  custom:video-decoder-webm-vp8: 9c59270c3fd7afecdb556c50c9e8de78 -> 
  custom:audio-decoder-ogg-vorbis: bf7c407c2cedff20999df2af8eb42d56 -> 
========================================================================
Received Prepare
Registering precompiled user dll's ...
Registered in 0.002426 seconds.
Begin MonoManager ReloadAssembly
Native extension for WindowsStandalone target not found
Native extension for Android target not found
Refreshing native plugins compatible for Editor in 0.30 ms, found 0 plugins.
Preloading 0 native plugins for Editor in 0.00 ms.
Mono: successfully reloaded assembly
- Completed reload, in  0.984 seconds
Domain Reload Profiling:
	ReloadAssembly (985ms)
		BeginReloadAssembly (152ms)
			ExecutionOrderSort (0ms)
			DisableScriptedObjects (6ms)
			BackupInstance (0ms)
			ReleaseScriptingObjects (0ms)
			CreateAndSetChildDomain (34ms)
		EndReloadAssembly (721ms)
			LoadAssemblies (90ms)
			RebuildTransferFunctionScriptingTraits (0ms)
			SetupTypeCache (176ms)
			ReleaseScriptCaches (0ms)
			RebuildScriptCaches (37ms)
			SetupLoadedEditorAssemblies (370ms)
				LogAssemblyErrors (0ms)
				InitializePlatformSupportModulesInManaged (21ms)
				SetLoadedEditorAssemblies (0ms)
				RefreshPlugins (0ms)
				BeforeProcessingInitializeOnLoad (45ms)
				ProcessInitializeOnLoadAttributes (256ms)
				ProcessInitializeOnLoadMethodAttributes (36ms)
				AfterProcessingInitializeOnLoad (11ms)
				EditorAssembliesLoaded (0ms)
			ExecutionOrderSort2 (0ms)
			AwakeInstancesAfterBackupRestoration (13ms)
Platform modules already initialized, skipping
Refreshing native plugins compatible for Editor in 1.31 ms, found 0 plugins.
Preloading 0 native plugins for Editor in 0.00 ms.
Unloading 631 Unused Serialized files (Serialized files now loaded: 0)
Unloading 12 unused Assets / (318.3 KB). Loaded Objects now: 2297.
Memory consumption went from 65.8 MB to 65.5 MB.
Total: 4.994300 ms (FindLiveObjects: 0.269400 ms CreateObjectMapping: 0.108800 ms MarkObjects: 4.538200 ms  DeleteObjects: 0.076700 ms)

AssetImportParameters requested are different than current active one (requested -> active):
  custom:video-decoder-ogg-theora: a1e56fd34408186e4bbccfd4996cb3dc -> 
  custom:container-muxer-webm: aa71ff27fc2769a1b78a27578f13a17b -> 
  custom:container-demuxer-webm: 4f35f7cbe854078d1ac9338744f61a02 -> 
  custom:video-encoder-webm-vp8: eb34c28f22e8b96e1ab97ce403110664 -> 
  custom:video-codec-MediaFoundation-h265: 746d11721c4dcdbdad8f713fa42b33f4 -> 
  custom:audio-encoder-webm-vorbis: bf7c407c2cedff20999df2af8eb42d56 -> 
  custom:framework-win-MediaFoundation: 216162199b28c13a410421893ffa2e32 -> 
  custom:container-demuxer-ogg: 62fdf1f143b41e24485cea50d1cbac27 -> 
  custom:video-decoder-webm-vp8: 9c59270c3fd7afecdb556c50c9e8de78 -> 
  custom:audio-decoder-ogg-vorbis: bf7c407c2cedff20999df2af8eb42d56 -> 
========================================================================
Received Prepare
Registering precompiled user dll's ...
Registered in 0.001953 seconds.
Begin MonoManager ReloadAssembly
Native extension for WindowsStandalone target not found
Native extension for Android target not found
Refreshing native plugins compatible for Editor in 0.60 ms, found 0 plugins.
Preloading 0 native plugins for Editor in 0.00 ms.
Package Manager log level set to [2]
Mono: successfully reloaded assembly
- Completed reload, in  1.151 seconds
Domain Reload Profiling:
	ReloadAssembly (1152ms)
		BeginReloadAssembly (194ms)
			ExecutionOrderSort (0ms)
			DisableScriptedObjects (9ms)
			BackupInstance (0ms)
			ReleaseScriptingObjects (0ms)
			CreateAndSetChildDomain (46ms)
		EndReloadAssembly (806ms)
			LoadAssemblies (106ms)
			RebuildTransferFunctionScriptingTraits (0ms)
			SetupTypeCache (235ms)
			ReleaseScriptCaches (0ms)
			RebuildScriptCaches (37ms)
			SetupLoadedEditorAssemblies (370ms)
				LogAssemblyErrors (0ms)
				InitializePlatformSupportModulesInManaged (26ms)
				SetLoadedEditorAssemblies (0ms)
				RefreshPlugins (1ms)
				BeforeProcessingInitializeOnLoad (49ms)
				ProcessInitializeOnLoadAttributes (261ms)
				ProcessInitializeOnLoadMethodAttributes (23ms)
				AfterProcessingInitializeOnLoad (10ms)
				EditorAssembliesLoaded (0ms)
			ExecutionOrderSort2 (0ms)
			AwakeInstancesAfterBackupRestoration (10ms)
Platform modules already initialized, skipping
Refreshing native plugins compatible for Editor in 0.74 ms, found 0 plugins.
Preloading 0 native plugins for Editor in 0.00 ms.
Unloading 708 Unused Serialized files (Serialized files now loaded: 0)
Unloading 12 unused Assets / (318.4 KB). Loaded Objects now: 2376.
Memory consumption went from 68.0 MB to 67.7 MB.
Total: 4.209500 ms (FindLiveObjects: 0.830200 ms CreateObjectMapping: 0.181200 ms MarkObjects: 3.093100 ms  DeleteObjects: 0.102800 ms)

AssetImportParameters requested are different than current active one (requested -> active):
  custom:video-decoder-ogg-theora: a1e56fd34408186e4bbccfd4996cb3dc -> 
  custom:container-muxer-webm: aa71ff27fc2769a1b78a27578f13a17b -> 
  custom:container-demuxer-webm: 4f35f7cbe854078d1ac9338744f61a02 -> 
  custom:video-encoder-webm-vp8: eb34c28f22e8b96e1ab97ce403110664 -> 
  custom:video-codec-MediaFoundation-h265: 746d11721c4dcdbdad8f713fa42b33f4 -> 
  custom:audio-encoder-webm-vorbis: bf7c407c2cedff20999df2af8eb42d56 -> 
  custom:framework-win-MediaFoundation: 216162199b28c13a410421893ffa2e32 -> 
  custom:container-demuxer-ogg: 62fdf1f143b41e24485cea50d1cbac27 -> 
  custom:video-decoder-webm-vp8: 9c59270c3fd7afecdb556c50c9e8de78 -> 
  custom:audio-decoder-ogg-vorbis: bf7c407c2cedff20999df2af8eb42d56 -> 
========================================================================
Received Prepare
Registering precompiled user dll's ...
Registered in 0.002099 seconds.
Begin MonoManager ReloadAssembly
Native extension for WindowsStandalone target not found
Native extension for Android target not found
Refreshing native plugins compatible for Editor in 32.43 ms, found 0 plugins.
Preloading 0 native plugins for Editor in 0.00 ms.
Mono: successfully reloaded assembly
- Completed reload, in  1.139 seconds
Domain Reload Profiling:
	ReloadAssembly (1139ms)
		BeginReloadAssembly (147ms)
			ExecutionOrderSort (0ms)
			DisableScriptedObjects (5ms)
			BackupInstance (0ms)
			ReleaseScriptingObjects (0ms)
			CreateAndSetChildDomain (30ms)
		EndReloadAssembly (876ms)
			LoadAssemblies (92ms)
			RebuildTransferFunctionScriptingTraits (0ms)
			SetupTypeCache (176ms)
			ReleaseScriptCaches (1ms)
			RebuildScriptCaches (55ms)
			SetupLoadedEditorAssemblies (473ms)
				LogAssemblyErrors (0ms)
				InitializePlatformSupportModulesInManaged (19ms)
				SetLoadedEditorAssemblies (0ms)
				RefreshPlugins (33ms)
				BeforeProcessingInitializeOnLoad (47ms)
				ProcessInitializeOnLoadAttributes (348ms)
				ProcessInitializeOnLoadMethodAttributes (20ms)
				AfterProcessingInitializeOnLoad (6ms)
				EditorAssembliesLoaded (0ms)
			ExecutionOrderSort2 (0ms)
			AwakeInstancesAfterBackupRestoration (10ms)
Platform modules already initialized, skipping
Refreshing native plugins compatible for Editor in 0.92 ms, found 0 plugins.
Preloading 0 native plugins for Editor in 0.00 ms.
Unloading 1397 Unused Serialized files (Serialized files now loaded: 0)
Unloading 13 unused Assets / (318.4 KB). Loaded Objects now: 3068.
Memory consumption went from 93.5 MB to 93.2 MB.
Total: 3.277900 ms (FindLiveObjects: 0.248600 ms CreateObjectMapping: 0.166700 ms MarkObjects: 2.787600 ms  DeleteObjects: 0.073800 ms)

AssetImportParameters requested are different than current active one (requested -> active):
  custom:video-decoder-ogg-theora: a1e56fd34408186e4bbccfd4996cb3dc -> 
  custom:container-muxer-webm: aa71ff27fc2769a1b78a27578f13a17b -> 
  custom:container-demuxer-webm: 4f35f7cbe854078d1ac9338744f61a02 -> 
  custom:video-encoder-webm-vp8: eb34c28f22e8b96e1ab97ce403110664 -> 
  custom:video-codec-MediaFoundation-h265: 746d11721c4dcdbdad8f713fa42b33f4 -> 
  custom:audio-encoder-webm-vorbis: bf7c407c2cedff20999df2af8eb42d56 -> 
  custom:framework-win-MediaFoundation: 216162199b28c13a410421893ffa2e32 -> 
  custom:container-demuxer-ogg: 62fdf1f143b41e24485cea50d1cbac27 -> 
  custom:video-decoder-webm-vp8: 9c59270c3fd7afecdb556c50c9e8de78 -> 
  custom:audio-decoder-ogg-vorbis: bf7c407c2cedff20999df2af8eb42d56 -> 
========================================================================
Received Prepare
Registering precompiled user dll's ...
Registered in 0.005401 seconds.
Begin MonoManager ReloadAssembly
Native extension for WindowsStandalone target not found
Native extension for Android target not found
Refreshing native plugins compatible for Editor in 0.57 ms, found 6 plugins.
Preloading 0 native plugins for Editor in 0.00 ms.
Mono: successfully reloaded assembly
- Completed reload, in  1.078 seconds
Domain Reload Profiling:
	ReloadAssembly (1079ms)
		BeginReloadAssembly (136ms)
			ExecutionOrderSort (0ms)
			DisableScriptedObjects (6ms)
			BackupInstance (0ms)
			ReleaseScriptingObjects (0ms)
			CreateAndSetChildDomain (31ms)
		EndReloadAssembly (834ms)
			LoadAssemblies (83ms)
			RebuildTransferFunctionScriptingTraits (0ms)
			SetupTypeCache (188ms)
			ReleaseScriptCaches (1ms)
			RebuildScriptCaches (37ms)
			SetupLoadedEditorAssemblies (473ms)
				LogAssemblyErrors (0ms)
				InitializePlatformSupportModulesInManaged (19ms)
				SetLoadedEditorAssemblies (0ms)
				RefreshPlugins (1ms)
				BeforeProcessingInitializeOnLoad (49ms)
				ProcessInitializeOnLoadAttributes (365ms)
				ProcessInitializeOnLoadMethodAttributes (32ms)
				AfterProcessingInitializeOnLoad (7ms)
				EditorAssembliesLoaded (0ms)
			ExecutionOrderSort2 (0ms)
			AwakeInstancesAfterBackupRestoration (9ms)
Platform modules already initialized, skipping
Refreshing native plugins compatible for Editor in 3.78 ms, found 6 plugins.
Preloading 0 native plugins for Editor in 0.00 ms.
Unloading 1517 Unused Serialized files (Serialized files now loaded: 0)
Unloading 41 unused Assets / (319.4 KB). Loaded Objects now: 3162.
Memory consumption went from 97.1 MB to 96.8 MB.
Total: 3.816900 ms (FindLiveObjects: 0.248900 ms CreateObjectMapping: 0.169600 ms MarkObjects: 3.313100 ms  DeleteObjects: 0.083400 ms)

AssetImportParameters requested are different than current active one (requested -> active):
  custom:video-decoder-ogg-theora: a1e56fd34408186e4bbccfd4996cb3dc -> 
  custom:container-muxer-webm: aa71ff27fc2769a1b78a27578f13a17b -> 
  custom:container-demuxer-webm: 4f35f7cbe854078d1ac9338744f61a02 -> 
  custom:video-encoder-webm-vp8: eb34c28f22e8b96e1ab97ce403110664 -> 
  custom:video-codec-MediaFoundation-h265: 746d11721c4dcdbdad8f713fa42b33f4 -> 
  custom:audio-encoder-webm-vorbis: bf7c407c2cedff20999df2af8eb42d56 -> 
  custom:framework-win-MediaFoundation: 216162199b28c13a410421893ffa2e32 -> 
  custom:container-demuxer-ogg: 62fdf1f143b41e24485cea50d1cbac27 -> 
  custom:video-decoder-webm-vp8: 9c59270c3fd7afecdb556c50c9e8de78 -> 
  custom:audio-decoder-ogg-vorbis: bf7c407c2cedff20999df2af8eb42d56 -> 
========================================================================
Received Prepare
Registering precompiled user dll's ...
Registered in 0.008124 seconds.
Begin MonoManager ReloadAssembly
Native extension for WindowsStandalone target not found
Native extension for Android target not found
Refreshing native plugins compatible for Editor in 0.67 ms, found 9 plugins.
Preloading 1 native plugins for Editor in 0.76 ms.
System.Reflection.TargetInvocationException: Exception has been thrown by the target of an invocation. ---> System.NullReferenceException: Object reference not set to an instance of an object
  at Unity.XR.Oculus.OculusLoader.AssetPathToAbsolutePath (System.String assetPath) [0x0003d] in D:\Projects\WeaponReload\Library\PackageCache\com.unity.xr.oculus@3.2.3\Runtime\OculusLoader.cs:296 
  at Unity.XR.Oculus.OculusLoader.EditorLoadOVRPlugin () [0x0007b] in D:\Projects\WeaponReload\Library\PackageCache\com.unity.xr.oculus@3.2.3\Runtime\OculusLoader.cs:281 
  at (wrapper managed-to-native) System.Reflection.RuntimeMethodInfo.InternalInvoke(System.Reflection.RuntimeMethodInfo,object,object[],System.Exception&)
  at System.Reflection.RuntimeMethodInfo.Invoke (System.Object obj, System.Reflection.BindingFlags invokeAttr, System.Reflection.Binder binder, System.Object[] parameters, System.Globalization.CultureInfo culture) [0x0006a] in <88e4733ac7bc4ae1b496735e6b83bbd3>:0 
   --- End of inner exception stack trace ---
  at System.Reflection.RuntimeMethodInfo.Invoke (System.Object obj, System.Reflection.BindingFlags invokeAttr, System.Reflection.Binder binder, System.Object[] parameters, System.Globalization.CultureInfo culture) [0x00083] in <88e4733ac7bc4ae1b496735e6b83bbd3>:0 
  at System.Reflection.MethodBase.Invoke (System.Object obj, System.Object[] parameters) [0x00000] in <88e4733ac7bc4ae1b496735e6b83bbd3>:0 
  at UnityEditor.EditorAssemblies.ProcessInitializeOnLoadMethodAttributes () [0x000a5] in <6e08e61cfda04255b3972ba7f0515fae>:0 
0x00007ff7535ebe5d (Unity) StackWalker::GetCurrentCallstack
0x00007ff7535f2a19 (Unity) StackWalker::ShowCallstack
0x00007ff754579d93 (Unity) GetStacktrace
0x00007ff754c2869d (Unity) DebugStringToFile
0x00007ff75274c1f2 (Unity) DebugLogHandler_CUSTOM_Internal_Log
0x00000240b7c5d553 (Mono JIT Code) (wrapper managed-to-native) UnityEngine.DebugLogHandler:Internal_Log (UnityEngine.LogType,UnityEngine.LogOption,string,UnityEngine.Object)
0x00000240b7c55ecb (Mono JIT Code) UnityEngine.DebugLogHandler:LogFormat (UnityEngine.LogType,UnityEngine.Object,string,object[])
0x00000240b7c51e10 (Mono JIT Code) UnityEngine.Logger:Log (UnityEngine.LogType,object)
0x00000240b7c51cd5 (Mono JIT Code) UnityEngine.Debug:LogError (object)
0x00000240b7c3e8a3 (Mono JIT Code) UnityEditor.EditorAssemblies:ProcessInitializeOnLoadMethodAttributes ()
0x00000240b7bf20cd (Mono JIT Code) (wrapper runtime-invoke) object:runtime_invoke_void (object,intptr,intptr,intptr)
0x00007ffad0c4feb4 (mono-2.0-bdwgc) [mini-runtime.c:3445] mono_jit_runtime_invoke 
0x00007ffad0b8e764 (mono-2.0-bdwgc) [object.c:3066] do_runtime_invoke 
0x00007ffad0b8e8fc (mono-2.0-bdwgc) [object.c:3113] mono_runtime_invoke 
0x00007ff7535107f4 (Unity) scripting_method_invoke
0x00007ff7534efff4 (Unity) ScriptingInvocation::Invoke
0x00007ff7534eabf5 (Unity) ScriptingInvocation::Invoke<void>
0x00007ff75362d30b (Unity) Scripting::UnityEditor::EditorAssembliesProxy::ProcessInitializeOnLoadMethodAttributes
0x00007ff7534e4e63 (Unity) MonoManager::SetupLoadedEditorAssemblies
0x00007ff7534da92d (Unity) MonoManager::EndReloadAssembly
0x00007ff7534e24b8 (Unity) MonoManager::ReloadAssembly
0x00007ff754434532 (Unity) LoadDomainAndUserAssemblies
0x00007ff754434c64 (Unity) LoadUserAssemblies
0x00007ff75492ae5f (Unity) <lambda_9de660459e8618354eb514546334764f>::operator()
0x00007ff75496bd12 (Unity) asio::detail::completion_handler<core::mutable_function<void __cdecl(void)>,asio::io_context::basic_executor_type<std::allocator<void>,0> >::do_complete
0x00007ff754957bfe (Unity) asio::detail::win_iocp_io_context::do_one
0x00007ff754959864 (Unity) asio::detail::win_iocp_io_context::run
0x00007ff75496a0fe (Unity) IOService::Run
0x00007ff75493c80f (Unity) AssetImportWorkerClient::Run
0x00007ff754904e03 (Unity) RunAssetImportWorkerClientV2
0x00007ff754904e8b (Unity) RunAssetImporterV2
0x00007ff75411ebf8 (Unity) Application::InitializeProject
0x00007ff7545844f8 (Unity) WinMain
0x00007ff75594d0ee (Unity) __scrt_common_main_seh
0x00007ffbafe3257d (KERNEL32) BaseThreadInitThunk
0x00007ffbb1f2aa58 (ntdll) RtlUserThreadStart

Mono: successfully reloaded assembly
- Completed reload, in  1.431 seconds
Domain Reload Profiling:
	ReloadAssembly (1431ms)
		BeginReloadAssembly (178ms)
			ExecutionOrderSort (0ms)
			DisableScriptedObjects (5ms)
			BackupInstance (0ms)
			ReleaseScriptingObjects (0ms)
			CreateAndSetChildDomain (42ms)
		EndReloadAssembly (1146ms)
			LoadAssemblies (94ms)
			RebuildTransferFunctionScriptingTraits (0ms)
			SetupTypeCache (179ms)
			ReleaseScriptCaches (1ms)
			RebuildScriptCaches (48ms)
			SetupLoadedEditorAssemblies (726ms)
				LogAssemblyErrors (0ms)
				InitializePlatformSupportModulesInManaged (21ms)
				SetLoadedEditorAssemblies (0ms)
				RefreshPlugins (2ms)
				BeforeProcessingInitializeOnLoad (52ms)
				ProcessInitializeOnLoadAttributes (508ms)
				ProcessInitializeOnLoadMethodAttributes (122ms)
				AfterProcessingInitializeOnLoad (19ms)
				EditorAssembliesLoaded (2ms)
			ExecutionOrderSort2 (0ms)
			AwakeInstancesAfterBackupRestoration (11ms)
Platform modules already initialized, skipping
Refreshing native plugins compatible for Editor in 5.60 ms, found 9 plugins.
Preloading 1 native plugins for Editor in 0.05 ms.
Unloading 1548 Unused Serialized files (Serialized files now loaded: 0)
Unloading 54 unused Assets / (319.4 KB). Loaded Objects now: 3182.
Memory consumption went from 98.1 MB to 97.8 MB.
Total: 3.065600 ms (FindLiveObjects: 0.215800 ms CreateObjectMapping: 0.117800 ms MarkObjects: 2.643500 ms  DeleteObjects: 0.087700 ms)

AssetImportParameters requested are different than current active one (requested -> active):
  custom:video-decoder-ogg-theora: a1e56fd34408186e4bbccfd4996cb3dc -> 
  custom:container-muxer-webm: aa71ff27fc2769a1b78a27578f13a17b -> 
  custom:container-demuxer-webm: 4f35f7cbe854078d1ac9338744f61a02 -> 
  custom:video-encoder-webm-vp8: eb34c28f22e8b96e1ab97ce403110664 -> 
  custom:video-codec-MediaFoundation-h265: 746d11721c4dcdbdad8f713fa42b33f4 -> 
  custom:audio-encoder-webm-vorbis: bf7c407c2cedff20999df2af8eb42d56 -> 
  custom:framework-win-MediaFoundation: 216162199b28c13a410421893ffa2e32 -> 
  custom:container-demuxer-ogg: 62fdf1f143b41e24485cea50d1cbac27 -> 
  custom:video-decoder-webm-vp8: 9c59270c3fd7afecdb556c50c9e8de78 -> 
  custom:audio-decoder-ogg-vorbis: bf7c407c2cedff20999df2af8eb42d56 -> 
========================================================================
Received Prepare
Registering precompiled user dll's ...
Registered in 0.004891 seconds.
Begin MonoManager ReloadAssembly
Native extension for WindowsStandalone target not found
Native extension for Android target not found
Refreshing native plugins compatible for Editor in 0.70 ms, found 9 plugins.
Preloading 1 native plugins for Editor in 0.06 ms.
System.Reflection.TargetInvocationException: Exception has been thrown by the target of an invocation. ---> System.NullReferenceException: Object reference not set to an instance of an object
  at Unity.XR.Oculus.OculusLoader.AssetPathToAbsolutePath (System.String assetPath) [0x0003d] in D:\Projects\WeaponReload\Library\PackageCache\com.unity.xr.oculus@3.2.3\Runtime\OculusLoader.cs:296 
  at Unity.XR.Oculus.OculusLoader.EditorLoadOVRPlugin () [0x0007b] in D:\Projects\WeaponReload\Library\PackageCache\com.unity.xr.oculus@3.2.3\Runtime\OculusLoader.cs:281 
  at (wrapper managed-to-native) System.Reflection.RuntimeMethodInfo.InternalInvoke(System.Reflection.RuntimeMethodInfo,object,object[],System.Exception&)
  at System.Reflection.RuntimeMethodInfo.Invoke (System.Object obj, System.Reflection.BindingFlags invokeAttr, System.Reflection.Binder binder, System.Object[] parameters, System.Globalization.CultureInfo culture) [0x0006a] in <88e4733ac7bc4ae1b496735e6b83bbd3>:0 
   --- End of inner exception stack trace ---
  at System.Reflection.RuntimeMethodInfo.Invoke (System.Object obj, System.Reflection.BindingFlags invokeAttr, System.Reflection.Binder binder, System.Object[] parameters, System.Globalization.CultureInfo culture) [0x00083] in <88e4733ac7bc4ae1b496735e6b83bbd3>:0 
  at System.Reflection.MethodBase.Invoke (System.Object obj, System.Object[] parameters) [0x00000] in <88e4733ac7bc4ae1b496735e6b83bbd3>:0 
  at UnityEditor.EditorAssemblies.ProcessInitializeOnLoadMethodAttributes () [0x000a5] in <6e08e61cfda04255b3972ba7f0515fae>:0 
0x00007ff7535ebe5d (Unity) StackWalker::GetCurrentCallstack
0x00007ff7535f2a19 (Unity) StackWalker::ShowCallstack
0x00007ff754579d93 (Unity) GetStacktrace
0x00007ff754c2869d (Unity) DebugStringToFile
0x00007ff75274c1f2 (Unity) DebugLogHandler_CUSTOM_Internal_Log
0x00000240b9426a33 (Mono JIT Code) (wrapper managed-to-native) UnityEngine.DebugLogHandler:Internal_Log (UnityEngine.LogType,UnityEngine.LogOption,string,UnityEngine.Object)
0x00000240b942685b (Mono JIT Code) UnityEngine.DebugLogHandler:LogFormat (UnityEngine.LogType,UnityEngine.Object,string,object[])
0x00000240b941eea0 (Mono JIT Code) UnityEngine.Logger:Log (UnityEngine.LogType,object)
0x00000240b941ed65 (Mono JIT Code) UnityEngine.Debug:LogError (object)
0x00000240b9419423 (Mono JIT Code) UnityEditor.EditorAssemblies:ProcessInitializeOnLoadMethodAttributes ()
0x00000240b7d520cd (Mono JIT Code) (wrapper runtime-invoke) object:runtime_invoke_void (object,intptr,intptr,intptr)
0x00007ffad0c4feb4 (mono-2.0-bdwgc) [mini-runtime.c:3445] mono_jit_runtime_invoke 
0x00007ffad0b8e764 (mono-2.0-bdwgc) [object.c:3066] do_runtime_invoke 
0x00007ffad0b8e8fc (mono-2.0-bdwgc) [object.c:3113] mono_runtime_invoke 
0x00007ff7535107f4 (Unity) scripting_method_invoke
0x00007ff7534efff4 (Unity) ScriptingInvocation::Invoke
0x00007ff7534eabf5 (Unity) ScriptingInvocation::Invoke<void>
0x00007ff75362d30b (Unity) Scripting::UnityEditor::EditorAssembliesProxy::ProcessInitializeOnLoadMethodAttributes
0x00007ff7534e4e63 (Unity) MonoManager::SetupLoadedEditorAssemblies
0x00007ff7534da92d (Unity) MonoManager::EndReloadAssembly
0x00007ff7534e24b8 (Unity) MonoManager::ReloadAssembly
0x00007ff754434532 (Unity) LoadDomainAndUserAssemblies
0x00007ff754434c64 (Unity) LoadUserAssemblies
0x00007ff75492ae5f (Unity) <lambda_9de660459e8618354eb514546334764f>::operator()
0x00007ff75496bd12 (Unity) asio::detail::completion_handler<core::mutable_function<void __cdecl(void)>,asio::io_context::basic_executor_type<std::allocator<void>,0> >::do_complete
0x00007ff754957bfe (Unity) asio::detail::win_iocp_io_context::do_one
0x00007ff754959864 (Unity) asio::detail::win_iocp_io_context::run
0x00007ff75496a0fe (Unity) IOService::Run
0x00007ff75493c80f (Unity) AssetImportWorkerClient::Run
0x00007ff754904e03 (Unity) RunAssetImportWorkerClientV2
0x00007ff754904e8b (Unity) RunAssetImporterV2
0x00007ff75411ebf8 (Unity) Application::InitializeProject
0x00007ff7545844f8 (Unity) WinMain
0x00007ff75594d0ee (Unity) __scrt_common_main_seh
0x00007ffbafe3257d (KERNEL32) BaseThreadInitThunk
0x00007ffbb1f2aa58 (ntdll) RtlUserThreadStart

Mono: successfully reloaded assembly
- Completed reload, in  2.930 seconds
Domain Reload Profiling:
	ReloadAssembly (2931ms)
		BeginReloadAssembly (137ms)
			ExecutionOrderSort (0ms)
			DisableScriptedObjects (5ms)
			BackupInstance (0ms)
			ReleaseScriptingObjects (0ms)
			CreateAndSetChildDomain (31ms)
		EndReloadAssembly (2680ms)
			LoadAssemblies (84ms)
			RebuildTransferFunctionScriptingTraits (0ms)
			SetupTypeCache (172ms)
			ReleaseScriptCaches (1ms)
			RebuildScriptCaches (39ms)
			SetupLoadedEditorAssemblies (2324ms)
				LogAssemblyErrors (0ms)
				InitializePlatformSupportModulesInManaged (22ms)
				SetLoadedEditorAssemblies (0ms)
				RefreshPlugins (1ms)
				BeforeProcessingInitializeOnLoad (50ms)
				ProcessInitializeOnLoadAttributes (2177ms)
				ProcessInitializeOnLoadMethodAttributes (58ms)
				AfterProcessingInitializeOnLoad (16ms)
				EditorAssembliesLoaded (0ms)
			ExecutionOrderSort2 (0ms)
			AwakeInstancesAfterBackupRestoration (12ms)
Platform modules already initialized, skipping
Refreshing native plugins compatible for Editor in 6.66 ms, found 9 plugins.
Preloading 1 native plugins for Editor in 0.04 ms.
Unloading 1548 Unused Serialized files (Serialized files now loaded: 0)
Unloading 54 unused Assets / (319.5 KB). Loaded Objects now: 3184.
Memory consumption went from 98.2 MB to 97.9 MB.
Total: 4.797300 ms (FindLiveObjects: 0.269200 ms CreateObjectMapping: 0.163600 ms MarkObjects: 4.246900 ms  DeleteObjects: 0.115700 ms)

AssetImportParameters requested are different than current active one (requested -> active):
  custom:video-decoder-ogg-theora: a1e56fd34408186e4bbccfd4996cb3dc -> 
  custom:container-muxer-webm: aa71ff27fc2769a1b78a27578f13a17b -> 
  custom:container-demuxer-webm: 4f35f7cbe854078d1ac9338744f61a02 -> 
  custom:video-encoder-webm-vp8: eb34c28f22e8b96e1ab97ce403110664 -> 
  custom:video-codec-MediaFoundation-h265: 746d11721c4dcdbdad8f713fa42b33f4 -> 
  custom:audio-encoder-webm-vorbis: bf7c407c2cedff20999df2af8eb42d56 -> 
  custom:framework-win-MediaFoundation: 216162199b28c13a410421893ffa2e32 -> 
  custom:container-demuxer-ogg: 62fdf1f143b41e24485cea50d1cbac27 -> 
  custom:video-decoder-webm-vp8: 9c59270c3fd7afecdb556c50c9e8de78 -> 
  custom:audio-decoder-ogg-vorbis: bf7c407c2cedff20999df2af8eb42d56 -> 
